{"/Users/zzhong/Documents/courses/CPSC310/project_n3v0b_z9y0b/src/controller/IInsightFacade.js":{"path":"/Users/zzhong/Documents/courses/CPSC310/project_n3v0b_z9y0b/src/controller/IInsightFacade.js","statementMap":{"0":{"start":{"line":2,"column":0},"end":{"line":2,"column":62}},"1":{"start":{"line":4,"column":0},"end":{"line":7,"column":89}},"2":{"start":{"line":5,"column":4},"end":{"line":5,"column":46}},"3":{"start":{"line":6,"column":4},"end":{"line":6,"column":42}},"4":{"start":{"line":10,"column":8},"end":{"line":10,"column":23}},"5":{"start":{"line":11,"column":8},"end":{"line":11,"column":52}},"6":{"start":{"line":14,"column":0},"end":{"line":14,"column":36}},"7":{"start":{"line":17,"column":8},"end":{"line":17,"column":23}},"8":{"start":{"line":18,"column":8},"end":{"line":18,"column":53}},"9":{"start":{"line":21,"column":0},"end":{"line":21,"column":38}}},"fnMap":{"0":{"name":"(anonymous_0)","decl":{"start":{"line":4,"column":1},"end":{"line":4,"column":2}},"loc":{"start":{"line":4,"column":31},"end":{"line":7,"column":1}},"line":4},"1":{"name":"(anonymous_1)","decl":{"start":{"line":9,"column":4},"end":{"line":9,"column":5}},"loc":{"start":{"line":9,"column":25},"end":{"line":12,"column":5}},"line":9},"2":{"name":"(anonymous_2)","decl":{"start":{"line":16,"column":4},"end":{"line":16,"column":5}},"loc":{"start":{"line":16,"column":25},"end":{"line":19,"column":5}},"line":16}},"branchMap":{"0":{"loc":{"start":{"line":7,"column":24},"end":{"line":7,"column":87}},"type":"binary-expr","locations":[{"start":{"line":7,"column":24},"end":{"line":7,"column":50}},{"start":{"line":7,"column":55},"end":{"line":7,"column":86}}],"line":7}},"s":{"0":1,"1":1,"2":1,"3":1,"4":69,"5":69,"6":1,"7":5,"8":5,"9":1},"f":{"0":1,"1":69,"2":5},"b":{"0":[1,1]},"_coverageSchema":"332fd63041d2c1bcb487cc26dd0d5f7d97098a6c","hash":"752108e0461616a97be49e0795b5e834aef038d5","contentHash":"04e4b8191a7fa78942c11ee671549f99_11.3.0"},"/Users/zzhong/Documents/courses/CPSC310/project_n3v0b_z9y0b/src/controller/InsightFacade.js":{"path":"/Users/zzhong/Documents/courses/CPSC310/project_n3v0b_z9y0b/src/controller/InsightFacade.js","statementMap":{"0":{"start":{"line":2,"column":0},"end":{"line":2,"column":62}},"1":{"start":{"line":3,"column":15},"end":{"line":3,"column":33}},"2":{"start":{"line":4,"column":25},"end":{"line":4,"column":52}},"3":{"start":{"line":5,"column":19},"end":{"line":5,"column":40}},"4":{"start":{"line":6,"column":23},"end":{"line":6,"column":48}},"5":{"start":{"line":7,"column":15},"end":{"line":7,"column":30}},"6":{"start":{"line":8,"column":13},"end":{"line":8,"column":26}},"7":{"start":{"line":9,"column":9},"end":{"line":9,"column":22}},"8":{"start":{"line":10,"column":16},"end":{"line":10,"column":41}},"9":{"start":{"line":13,"column":8},"end":{"line":13,"column":26}},"10":{"start":{"line":14,"column":8},"end":{"line":14,"column":33}},"11":{"start":{"line":15,"column":8},"end":{"line":17,"column":9}},"12":{"start":{"line":16,"column":12},"end":{"line":16,"column":36}},"13":{"start":{"line":20,"column":8},"end":{"line":22,"column":9}},"14":{"start":{"line":21,"column":12},"end":{"line":21,"column":88}},"15":{"start":{"line":23,"column":8},"end":{"line":25,"column":9}},"16":{"start":{"line":24,"column":12},"end":{"line":24,"column":86}},"17":{"start":{"line":26,"column":8},"end":{"line":28,"column":9}},"18":{"start":{"line":27,"column":12},"end":{"line":27,"column":91}},"19":{"start":{"line":29,"column":8},"end":{"line":31,"column":9}},"20":{"start":{"line":30,"column":12},"end":{"line":30,"column":95}},"21":{"start":{"line":32,"column":8},"end":{"line":37,"column":9}},"22":{"start":{"line":33,"column":12},"end":{"line":33,"column":49}},"23":{"start":{"line":36,"column":12},"end":{"line":36,"column":47}},"24":{"start":{"line":40,"column":16},"end":{"line":40,"column":20}},"25":{"start":{"line":41,"column":8},"end":{"line":41,"column":48}},"26":{"start":{"line":42,"column":8},"end":{"line":52,"column":11}},"27":{"start":{"line":43,"column":12},"end":{"line":51,"column":15}},"28":{"start":{"line":44,"column":16},"end":{"line":48,"column":19}},"29":{"start":{"line":45,"column":20},"end":{"line":45,"column":36}},"30":{"start":{"line":47,"column":20},"end":{"line":47,"column":64}},"31":{"start":{"line":50,"column":16},"end":{"line":50,"column":60}},"32":{"start":{"line":55,"column":16},"end":{"line":55,"column":20}},"33":{"start":{"line":56,"column":8},"end":{"line":56,"column":56}},"34":{"start":{"line":57,"column":8},"end":{"line":67,"column":11}},"35":{"start":{"line":58,"column":12},"end":{"line":66,"column":15}},"36":{"start":{"line":59,"column":16},"end":{"line":63,"column":19}},"37":{"start":{"line":60,"column":20},"end":{"line":60,"column":36}},"38":{"start":{"line":62,"column":20},"end":{"line":62,"column":64}},"39":{"start":{"line":65,"column":16},"end":{"line":65,"column":60}},"40":{"start":{"line":70,"column":16},"end":{"line":70,"column":20}},"41":{"start":{"line":71,"column":19},"end":{"line":71,"column":49}},"42":{"start":{"line":72,"column":27},"end":{"line":72,"column":47}},"43":{"start":{"line":73,"column":8},"end":{"line":85,"column":11}},"44":{"start":{"line":74,"column":12},"end":{"line":84,"column":15}},"45":{"start":{"line":75,"column":16},"end":{"line":83,"column":17}},"46":{"start":{"line":76,"column":20},"end":{"line":76,"column":44}},"47":{"start":{"line":77,"column":20},"end":{"line":77,"column":39}},"48":{"start":{"line":78,"column":20},"end":{"line":78,"column":51}},"49":{"start":{"line":79,"column":20},"end":{"line":79,"column":39}},"50":{"start":{"line":82,"column":20},"end":{"line":82,"column":64}},"51":{"start":{"line":88,"column":8},"end":{"line":90,"column":9}},"52":{"start":{"line":89,"column":12},"end":{"line":89,"column":95}},"53":{"start":{"line":91,"column":16},"end":{"line":91,"column":20}},"54":{"start":{"line":92,"column":19},"end":{"line":92,"column":49}},"55":{"start":{"line":93,"column":8},"end":{"line":103,"column":11}},"56":{"start":{"line":94,"column":12},"end":{"line":102,"column":13}},"57":{"start":{"line":95,"column":16},"end":{"line":95,"column":61}},"58":{"start":{"line":98,"column":16},"end":{"line":98,"column":37}},"59":{"start":{"line":99,"column":16},"end":{"line":99,"column":36}},"60":{"start":{"line":100,"column":16},"end":{"line":100,"column":59}},"61":{"start":{"line":101,"column":16},"end":{"line":101,"column":28}},"62":{"start":{"line":106,"column":32},"end":{"line":106,"column":34}},"63":{"start":{"line":107,"column":8},"end":{"line":122,"column":9}},"64":{"start":{"line":108,"column":12},"end":{"line":112,"column":13}},"65":{"start":{"line":109,"column":16},"end":{"line":111,"column":17}},"66":{"start":{"line":110,"column":20},"end":{"line":110,"column":46}},"67":{"start":{"line":115,"column":12},"end":{"line":121,"column":13}},"68":{"start":{"line":116,"column":16},"end":{"line":120,"column":17}},"69":{"start":{"line":117,"column":20},"end":{"line":119,"column":21}},"70":{"start":{"line":118,"column":24},"end":{"line":118,"column":50}},"71":{"start":{"line":123,"column":8},"end":{"line":123,"column":31}},"72":{"start":{"line":126,"column":8},"end":{"line":246,"column":9}},"73":{"start":{"line":127,"column":12},"end":{"line":127,"column":50}},"74":{"start":{"line":129,"column":13},"end":{"line":246,"column":9}},"75":{"start":{"line":130,"column":12},"end":{"line":132,"column":13}},"76":{"start":{"line":131,"column":16},"end":{"line":131,"column":63}},"77":{"start":{"line":133,"column":12},"end":{"line":133,"column":70}},"78":{"start":{"line":135,"column":13},"end":{"line":246,"column":9}},"79":{"start":{"line":136,"column":12},"end":{"line":138,"column":13}},"80":{"start":{"line":137,"column":16},"end":{"line":137,"column":62}},"81":{"start":{"line":139,"column":12},"end":{"line":146,"column":13}},"82":{"start":{"line":140,"column":16},"end":{"line":142,"column":17}},"83":{"start":{"line":141,"column":20},"end":{"line":141,"column":52}},"84":{"start":{"line":143,"column":16},"end":{"line":145,"column":17}},"85":{"start":{"line":144,"column":20},"end":{"line":144,"column":33}},"86":{"start":{"line":147,"column":12},"end":{"line":147,"column":24}},"87":{"start":{"line":149,"column":13},"end":{"line":246,"column":9}},"88":{"start":{"line":150,"column":12},"end":{"line":152,"column":13}},"89":{"start":{"line":151,"column":16},"end":{"line":151,"column":61}},"90":{"start":{"line":153,"column":12},"end":{"line":160,"column":13}},"91":{"start":{"line":154,"column":16},"end":{"line":156,"column":17}},"92":{"start":{"line":155,"column":20},"end":{"line":155,"column":52}},"93":{"start":{"line":157,"column":16},"end":{"line":159,"column":17}},"94":{"start":{"line":158,"column":20},"end":{"line":158,"column":32}},"95":{"start":{"line":161,"column":12},"end":{"line":161,"column":25}},"96":{"start":{"line":163,"column":13},"end":{"line":246,"column":9}},"97":{"start":{"line":164,"column":24},"end":{"line":164,"column":49}},"98":{"start":{"line":165,"column":24},"end":{"line":165,"column":38}},"99":{"start":{"line":166,"column":24},"end":{"line":166,"column":41}},"100":{"start":{"line":167,"column":24},"end":{"line":167,"column":41}},"101":{"start":{"line":168,"column":32},"end":{"line":168,"column":41}},"102":{"start":{"line":169,"column":12},"end":{"line":171,"column":13}},"103":{"start":{"line":170,"column":16},"end":{"line":170,"column":89}},"104":{"start":{"line":172,"column":12},"end":{"line":177,"column":13}},"105":{"start":{"line":173,"column":16},"end":{"line":173,"column":57}},"106":{"start":{"line":176,"column":16},"end":{"line":176,"column":41}},"107":{"start":{"line":179,"column":13},"end":{"line":246,"column":9}},"108":{"start":{"line":180,"column":24},"end":{"line":180,"column":49}},"109":{"start":{"line":181,"column":24},"end":{"line":181,"column":38}},"110":{"start":{"line":182,"column":24},"end":{"line":182,"column":41}},"111":{"start":{"line":183,"column":24},"end":{"line":183,"column":41}},"112":{"start":{"line":184,"column":32},"end":{"line":184,"column":41}},"113":{"start":{"line":185,"column":12},"end":{"line":187,"column":13}},"114":{"start":{"line":186,"column":16},"end":{"line":186,"column":89}},"115":{"start":{"line":188,"column":12},"end":{"line":193,"column":13}},"116":{"start":{"line":189,"column":16},"end":{"line":189,"column":57}},"117":{"start":{"line":192,"column":16},"end":{"line":192,"column":41}},"118":{"start":{"line":195,"column":13},"end":{"line":246,"column":9}},"119":{"start":{"line":196,"column":24},"end":{"line":196,"column":49}},"120":{"start":{"line":197,"column":24},"end":{"line":197,"column":38}},"121":{"start":{"line":198,"column":24},"end":{"line":198,"column":41}},"122":{"start":{"line":199,"column":24},"end":{"line":199,"column":41}},"123":{"start":{"line":200,"column":32},"end":{"line":200,"column":41}},"124":{"start":{"line":201,"column":12},"end":{"line":203,"column":13}},"125":{"start":{"line":202,"column":16},"end":{"line":202,"column":89}},"126":{"start":{"line":204,"column":12},"end":{"line":209,"column":13}},"127":{"start":{"line":205,"column":16},"end":{"line":205,"column":57}},"128":{"start":{"line":208,"column":16},"end":{"line":208,"column":43}},"129":{"start":{"line":211,"column":13},"end":{"line":246,"column":9}},"130":{"start":{"line":212,"column":24},"end":{"line":212,"column":49}},"131":{"start":{"line":213,"column":24},"end":{"line":213,"column":38}},"132":{"start":{"line":214,"column":24},"end":{"line":214,"column":41}},"133":{"start":{"line":215,"column":24},"end":{"line":215,"column":41}},"134":{"start":{"line":216,"column":32},"end":{"line":216,"column":41}},"135":{"start":{"line":217,"column":12},"end":{"line":219,"column":13}},"136":{"start":{"line":218,"column":16},"end":{"line":218,"column":89}},"137":{"start":{"line":220,"column":12},"end":{"line":242,"column":13}},"138":{"start":{"line":221,"column":16},"end":{"line":221,"column":57}},"139":{"start":{"line":224,"column":16},"end":{"line":241,"column":17}},"140":{"start":{"line":225,"column":20},"end":{"line":225,"column":32}},"141":{"start":{"line":227,"column":21},"end":{"line":241,"column":17}},"142":{"start":{"line":228,"column":20},"end":{"line":228,"column":62}},"143":{"start":{"line":230,"column":21},"end":{"line":241,"column":17}},"144":{"start":{"line":231,"column":20},"end":{"line":231,"column":80}},"145":{"start":{"line":233,"column":21},"end":{"line":241,"column":17}},"146":{"start":{"line":234,"column":20},"end":{"line":234,"column":79}},"147":{"start":{"line":236,"column":21},"end":{"line":241,"column":17}},"148":{"start":{"line":237,"column":20},"end":{"line":237,"column":61}},"149":{"start":{"line":240,"column":20},"end":{"line":240,"column":49}},"150":{"start":{"line":245,"column":12},"end":{"line":245,"column":52}},"151":{"start":{"line":249,"column":31},"end":{"line":249,"column":33}},"152":{"start":{"line":250,"column":8},"end":{"line":268,"column":9}},"153":{"start":{"line":251,"column":26},"end":{"line":251,"column":28}},"154":{"start":{"line":252,"column":12},"end":{"line":266,"column":13}},"155":{"start":{"line":254,"column":16},"end":{"line":259,"column":17}},"156":{"start":{"line":255,"column":20},"end":{"line":255,"column":47}},"157":{"start":{"line":258,"column":20},"end":{"line":258,"column":51}},"158":{"start":{"line":260,"column":16},"end":{"line":265,"column":17}},"159":{"start":{"line":261,"column":20},"end":{"line":261,"column":46}},"160":{"start":{"line":264,"column":20},"end":{"line":264,"column":52}},"161":{"start":{"line":267,"column":12},"end":{"line":267,"column":39}},"162":{"start":{"line":269,"column":8},"end":{"line":269,"column":30}},"163":{"start":{"line":272,"column":8},"end":{"line":285,"column":9}},"164":{"start":{"line":273,"column":12},"end":{"line":273,"column":82}},"165":{"start":{"line":276,"column":12},"end":{"line":283,"column":15}},"166":{"start":{"line":277,"column":16},"end":{"line":282,"column":17}},"167":{"start":{"line":278,"column":20},"end":{"line":278,"column":29}},"168":{"start":{"line":280,"column":21},"end":{"line":282,"column":17}},"169":{"start":{"line":281,"column":20},"end":{"line":281,"column":30}},"170":{"start":{"line":284,"column":12},"end":{"line":284,"column":26}},"171":{"start":{"line":288,"column":8},"end":{"line":326,"column":11}},"172":{"start":{"line":289,"column":12},"end":{"line":325,"column":13}},"173":{"start":{"line":290,"column":31},"end":{"line":290,"column":42}},"174":{"start":{"line":291,"column":32},"end":{"line":291,"column":45}},"175":{"start":{"line":292,"column":16},"end":{"line":294,"column":17}},"176":{"start":{"line":293,"column":20},"end":{"line":293,"column":52}},"177":{"start":{"line":295,"column":32},"end":{"line":295,"column":47}},"178":{"start":{"line":296,"column":16},"end":{"line":298,"column":17}},"179":{"start":{"line":297,"column":20},"end":{"line":297,"column":52}},"180":{"start":{"line":299,"column":30},"end":{"line":299,"column":43}},"181":{"start":{"line":300,"column":16},"end":{"line":302,"column":17}},"182":{"start":{"line":301,"column":20},"end":{"line":301,"column":54}},"183":{"start":{"line":303,"column":27},"end":{"line":303,"column":51}},"184":{"start":{"line":306,"column":16},"end":{"line":311,"column":17}},"185":{"start":{"line":307,"column":20},"end":{"line":307,"column":57}},"186":{"start":{"line":310,"column":20},"end":{"line":310,"column":50}},"187":{"start":{"line":312,"column":16},"end":{"line":312,"column":83}},"188":{"start":{"line":313,"column":16},"end":{"line":315,"column":17}},"189":{"start":{"line":314,"column":20},"end":{"line":314,"column":55}},"190":{"start":{"line":316,"column":29},"end":{"line":316,"column":64}},"191":{"start":{"line":317,"column":16},"end":{"line":319,"column":17}},"192":{"start":{"line":318,"column":20},"end":{"line":318,"column":69}},"193":{"start":{"line":320,"column":16},"end":{"line":320,"column":32}},"194":{"start":{"line":323,"column":16},"end":{"line":323,"column":42}},"195":{"start":{"line":324,"column":16},"end":{"line":324,"column":92}},"196":{"start":{"line":329,"column":16},"end":{"line":329,"column":20}},"197":{"start":{"line":330,"column":21},"end":{"line":330,"column":23}},"198":{"start":{"line":331,"column":8},"end":{"line":354,"column":11}},"199":{"start":{"line":332,"column":12},"end":{"line":352,"column":13}},"200":{"start":{"line":333,"column":25},"end":{"line":333,"column":33}},"201":{"start":{"line":334,"column":28},"end":{"line":334,"column":36}},"202":{"start":{"line":335,"column":27},"end":{"line":335,"column":28}},"203":{"start":{"line":336,"column":16},"end":{"line":351,"column":17}},"204":{"start":{"line":337,"column":20},"end":{"line":339,"column":21}},"205":{"start":{"line":338,"column":24},"end":{"line":338,"column":53}},"206":{"start":{"line":340,"column":33},"end":{"line":340,"column":110}},"207":{"start":{"line":341,"column":20},"end":{"line":341,"column":58}},"208":{"start":{"line":342,"column":20},"end":{"line":342,"column":40}},"209":{"start":{"line":345,"column":20},"end":{"line":347,"column":21}},"210":{"start":{"line":346,"column":24},"end":{"line":346,"column":50}},"211":{"start":{"line":348,"column":32},"end":{"line":348,"column":107}},"212":{"start":{"line":349,"column":20},"end":{"line":349,"column":58}},"213":{"start":{"line":350,"column":20},"end":{"line":350,"column":39}},"214":{"start":{"line":353,"column":12},"end":{"line":353,"column":28}},"215":{"start":{"line":357,"column":8},"end":{"line":361,"column":10}},"216":{"start":{"line":364,"column":0},"end":{"line":364,"column":32}}},"fnMap":{"0":{"name":"(anonymous_0)","decl":{"start":{"line":12,"column":4},"end":{"line":12,"column":5}},"loc":{"start":{"line":12,"column":18},"end":{"line":18,"column":5}},"line":12},"1":{"name":"(anonymous_1)","decl":{"start":{"line":19,"column":4},"end":{"line":19,"column":5}},"loc":{"start":{"line":19,"column":34},"end":{"line":38,"column":5}},"line":19},"2":{"name":"(anonymous_2)","decl":{"start":{"line":39,"column":4},"end":{"line":39,"column":5}},"loc":{"start":{"line":39,"column":29},"end":{"line":53,"column":5}},"line":39},"3":{"name":"(anonymous_3)","decl":{"start":{"line":42,"column":27},"end":{"line":42,"column":28}},"loc":{"start":{"line":42,"column":54},"end":{"line":52,"column":9}},"line":42},"4":{"name":"(anonymous_4)","decl":{"start":{"line":43,"column":44},"end":{"line":43,"column":45}},"loc":{"start":{"line":43,"column":63},"end":{"line":49,"column":13}},"line":43},"5":{"name":"(anonymous_5)","decl":{"start":{"line":44,"column":46},"end":{"line":44,"column":47}},"loc":{"start":{"line":44,"column":64},"end":{"line":46,"column":17}},"line":44},"6":{"name":"(anonymous_6)","decl":{"start":{"line":46,"column":25},"end":{"line":46,"column":26}},"loc":{"start":{"line":46,"column":37},"end":{"line":48,"column":17}},"line":46},"7":{"name":"(anonymous_7)","decl":{"start":{"line":49,"column":21},"end":{"line":49,"column":22}},"loc":{"start":{"line":49,"column":33},"end":{"line":51,"column":13}},"line":49},"8":{"name":"(anonymous_8)","decl":{"start":{"line":54,"column":4},"end":{"line":54,"column":5}},"loc":{"start":{"line":54,"column":27},"end":{"line":68,"column":5}},"line":54},"9":{"name":"(anonymous_9)","decl":{"start":{"line":57,"column":27},"end":{"line":57,"column":28}},"loc":{"start":{"line":57,"column":54},"end":{"line":67,"column":9}},"line":57},"10":{"name":"(anonymous_10)","decl":{"start":{"line":58,"column":48},"end":{"line":58,"column":49}},"loc":{"start":{"line":58,"column":69},"end":{"line":64,"column":13}},"line":58},"11":{"name":"(anonymous_11)","decl":{"start":{"line":59,"column":48},"end":{"line":59,"column":49}},"loc":{"start":{"line":59,"column":66},"end":{"line":61,"column":17}},"line":59},"12":{"name":"(anonymous_12)","decl":{"start":{"line":61,"column":25},"end":{"line":61,"column":26}},"loc":{"start":{"line":61,"column":37},"end":{"line":63,"column":17}},"line":61},"13":{"name":"(anonymous_13)","decl":{"start":{"line":64,"column":21},"end":{"line":64,"column":22}},"loc":{"start":{"line":64,"column":33},"end":{"line":66,"column":13}},"line":64},"14":{"name":"(anonymous_14)","decl":{"start":{"line":69,"column":4},"end":{"line":69,"column":5}},"loc":{"start":{"line":69,"column":24},"end":{"line":86,"column":5}},"line":69},"15":{"name":"(anonymous_15)","decl":{"start":{"line":73,"column":27},"end":{"line":73,"column":28}},"loc":{"start":{"line":73,"column":54},"end":{"line":85,"column":9}},"line":73},"16":{"name":"(anonymous_16)","decl":{"start":{"line":74,"column":45},"end":{"line":74,"column":46}},"loc":{"start":{"line":74,"column":60},"end":{"line":84,"column":13}},"line":74},"17":{"name":"(anonymous_17)","decl":{"start":{"line":87,"column":4},"end":{"line":87,"column":5}},"loc":{"start":{"line":87,"column":22},"end":{"line":104,"column":5}},"line":87},"18":{"name":"(anonymous_18)","decl":{"start":{"line":93,"column":27},"end":{"line":93,"column":28}},"loc":{"start":{"line":93,"column":54},"end":{"line":103,"column":9}},"line":93},"19":{"name":"(anonymous_19)","decl":{"start":{"line":105,"column":4},"end":{"line":105,"column":5}},"loc":{"start":{"line":105,"column":51},"end":{"line":124,"column":5}},"line":105},"20":{"name":"(anonymous_20)","decl":{"start":{"line":125,"column":4},"end":{"line":125,"column":5}},"loc":{"start":{"line":125,"column":41},"end":{"line":247,"column":5}},"line":125},"21":{"name":"(anonymous_21)","decl":{"start":{"line":248,"column":4},"end":{"line":248,"column":5}},"loc":{"start":{"line":248,"column":35},"end":{"line":270,"column":5}},"line":248},"22":{"name":"(anonymous_22)","decl":{"start":{"line":271,"column":4},"end":{"line":271,"column":5}},"loc":{"start":{"line":271,"column":39},"end":{"line":286,"column":5}},"line":271},"23":{"name":"(anonymous_23)","decl":{"start":{"line":276,"column":24},"end":{"line":276,"column":25}},"loc":{"start":{"line":276,"column":41},"end":{"line":283,"column":13}},"line":276},"24":{"name":"(anonymous_24)","decl":{"start":{"line":287,"column":4},"end":{"line":287,"column":5}},"loc":{"start":{"line":287,"column":24},"end":{"line":327,"column":5}},"line":287},"25":{"name":"(anonymous_25)","decl":{"start":{"line":288,"column":27},"end":{"line":288,"column":28}},"loc":{"start":{"line":288,"column":48},"end":{"line":326,"column":9}},"line":288},"26":{"name":"(anonymous_26)","decl":{"start":{"line":328,"column":4},"end":{"line":328,"column":5}},"loc":{"start":{"line":328,"column":19},"end":{"line":355,"column":5}},"line":328},"27":{"name":"(anonymous_27)","decl":{"start":{"line":331,"column":27},"end":{"line":331,"column":28}},"loc":{"start":{"line":331,"column":46},"end":{"line":354,"column":9}},"line":331},"28":{"name":"(anonymous_28)","decl":{"start":{"line":356,"column":4},"end":{"line":356,"column":5}},"loc":{"start":{"line":356,"column":47},"end":{"line":362,"column":5}},"line":356}},"branchMap":{"0":{"loc":{"start":{"line":15,"column":8},"end":{"line":17,"column":9}},"type":"if","locations":[{"start":{"line":15,"column":8},"end":{"line":17,"column":9}},{"start":{"line":15,"column":8},"end":{"line":17,"column":9}}],"line":15},"1":{"loc":{"start":{"line":20,"column":8},"end":{"line":22,"column":9}},"type":"if","locations":[{"start":{"line":20,"column":8},"end":{"line":22,"column":9}},{"start":{"line":20,"column":8},"end":{"line":22,"column":9}}],"line":20},"2":{"loc":{"start":{"line":20,"column":14},"end":{"line":20,"column":120}},"type":"binary-expr","locations":[{"start":{"line":20,"column":14},"end":{"line":20,"column":66}},{"start":{"line":20,"column":70},"end":{"line":20,"column":120}}],"line":20},"3":{"loc":{"start":{"line":23,"column":8},"end":{"line":25,"column":9}},"type":"if","locations":[{"start":{"line":23,"column":8},"end":{"line":25,"column":9}},{"start":{"line":23,"column":8},"end":{"line":25,"column":9}}],"line":23},"4":{"loc":{"start":{"line":23,"column":12},"end":{"line":23,"column":56}},"type":"binary-expr","locations":[{"start":{"line":23,"column":12},"end":{"line":23,"column":23}},{"start":{"line":23,"column":27},"end":{"line":23,"column":43}},{"start":{"line":23,"column":47},"end":{"line":23,"column":56}}],"line":23},"5":{"loc":{"start":{"line":26,"column":8},"end":{"line":28,"column":9}},"type":"if","locations":[{"start":{"line":26,"column":8},"end":{"line":28,"column":9}},{"start":{"line":26,"column":8},"end":{"line":28,"column":9}}],"line":26},"6":{"loc":{"start":{"line":26,"column":12},"end":{"line":26,"column":71}},"type":"binary-expr","locations":[{"start":{"line":26,"column":12},"end":{"line":26,"column":28}},{"start":{"line":26,"column":32},"end":{"line":26,"column":53}},{"start":{"line":26,"column":57},"end":{"line":26,"column":71}}],"line":26},"7":{"loc":{"start":{"line":29,"column":8},"end":{"line":31,"column":9}},"type":"if","locations":[{"start":{"line":29,"column":8},"end":{"line":31,"column":9}},{"start":{"line":29,"column":8},"end":{"line":31,"column":9}}],"line":29},"8":{"loc":{"start":{"line":32,"column":8},"end":{"line":37,"column":9}},"type":"if","locations":[{"start":{"line":32,"column":8},"end":{"line":37,"column":9}},{"start":{"line":32,"column":8},"end":{"line":37,"column":9}}],"line":32},"9":{"loc":{"start":{"line":75,"column":16},"end":{"line":83,"column":17}},"type":"if","locations":[{"start":{"line":75,"column":16},"end":{"line":83,"column":17}},{"start":{"line":75,"column":16},"end":{"line":83,"column":17}}],"line":75},"10":{"loc":{"start":{"line":88,"column":8},"end":{"line":90,"column":9}},"type":"if","locations":[{"start":{"line":88,"column":8},"end":{"line":90,"column":9}},{"start":{"line":88,"column":8},"end":{"line":90,"column":9}}],"line":88},"11":{"loc":{"start":{"line":88,"column":12},"end":{"line":88,"column":43}},"type":"binary-expr","locations":[{"start":{"line":88,"column":12},"end":{"line":88,"column":23}},{"start":{"line":88,"column":27},"end":{"line":88,"column":43}}],"line":88},"12":{"loc":{"start":{"line":94,"column":12},"end":{"line":102,"column":13}},"type":"if","locations":[{"start":{"line":94,"column":12},"end":{"line":102,"column":13}},{"start":{"line":94,"column":12},"end":{"line":102,"column":13}}],"line":94},"13":{"loc":{"start":{"line":94,"column":16},"end":{"line":94,"column":58}},"type":"binary-expr","locations":[{"start":{"line":94,"column":16},"end":{"line":94,"column":36}},{"start":{"line":94,"column":40},"end":{"line":94,"column":58}}],"line":94},"14":{"loc":{"start":{"line":107,"column":8},"end":{"line":122,"column":9}},"type":"if","locations":[{"start":{"line":107,"column":8},"end":{"line":122,"column":9}},{"start":{"line":107,"column":8},"end":{"line":122,"column":9}}],"line":107},"15":{"loc":{"start":{"line":117,"column":20},"end":{"line":119,"column":21}},"type":"if","locations":[{"start":{"line":117,"column":20},"end":{"line":119,"column":21}},{"start":{"line":117,"column":20},"end":{"line":119,"column":21}}],"line":117},"16":{"loc":{"start":{"line":126,"column":8},"end":{"line":246,"column":9}},"type":"if","locations":[{"start":{"line":126,"column":8},"end":{"line":246,"column":9}},{"start":{"line":126,"column":8},"end":{"line":246,"column":9}}],"line":126},"17":{"loc":{"start":{"line":129,"column":13},"end":{"line":246,"column":9}},"type":"if","locations":[{"start":{"line":129,"column":13},"end":{"line":246,"column":9}},{"start":{"line":129,"column":13},"end":{"line":246,"column":9}}],"line":129},"18":{"loc":{"start":{"line":130,"column":12},"end":{"line":132,"column":13}},"type":"if","locations":[{"start":{"line":130,"column":12},"end":{"line":132,"column":13}},{"start":{"line":130,"column":12},"end":{"line":132,"column":13}}],"line":130},"19":{"loc":{"start":{"line":135,"column":13},"end":{"line":246,"column":9}},"type":"if","locations":[{"start":{"line":135,"column":13},"end":{"line":246,"column":9}},{"start":{"line":135,"column":13},"end":{"line":246,"column":9}}],"line":135},"20":{"loc":{"start":{"line":136,"column":12},"end":{"line":138,"column":13}},"type":"if","locations":[{"start":{"line":136,"column":12},"end":{"line":138,"column":13}},{"start":{"line":136,"column":12},"end":{"line":138,"column":13}}],"line":136},"21":{"loc":{"start":{"line":140,"column":16},"end":{"line":142,"column":17}},"type":"if","locations":[{"start":{"line":140,"column":16},"end":{"line":142,"column":17}},{"start":{"line":140,"column":16},"end":{"line":142,"column":17}}],"line":140},"22":{"loc":{"start":{"line":143,"column":16},"end":{"line":145,"column":17}},"type":"if","locations":[{"start":{"line":143,"column":16},"end":{"line":145,"column":17}},{"start":{"line":143,"column":16},"end":{"line":145,"column":17}}],"line":143},"23":{"loc":{"start":{"line":149,"column":13},"end":{"line":246,"column":9}},"type":"if","locations":[{"start":{"line":149,"column":13},"end":{"line":246,"column":9}},{"start":{"line":149,"column":13},"end":{"line":246,"column":9}}],"line":149},"24":{"loc":{"start":{"line":150,"column":12},"end":{"line":152,"column":13}},"type":"if","locations":[{"start":{"line":150,"column":12},"end":{"line":152,"column":13}},{"start":{"line":150,"column":12},"end":{"line":152,"column":13}}],"line":150},"25":{"loc":{"start":{"line":154,"column":16},"end":{"line":156,"column":17}},"type":"if","locations":[{"start":{"line":154,"column":16},"end":{"line":156,"column":17}},{"start":{"line":154,"column":16},"end":{"line":156,"column":17}}],"line":154},"26":{"loc":{"start":{"line":157,"column":16},"end":{"line":159,"column":17}},"type":"if","locations":[{"start":{"line":157,"column":16},"end":{"line":159,"column":17}},{"start":{"line":157,"column":16},"end":{"line":159,"column":17}}],"line":157},"27":{"loc":{"start":{"line":163,"column":13},"end":{"line":246,"column":9}},"type":"if","locations":[{"start":{"line":163,"column":13},"end":{"line":246,"column":9}},{"start":{"line":163,"column":13},"end":{"line":246,"column":9}}],"line":163},"28":{"loc":{"start":{"line":169,"column":12},"end":{"line":171,"column":13}},"type":"if","locations":[{"start":{"line":169,"column":12},"end":{"line":171,"column":13}},{"start":{"line":169,"column":12},"end":{"line":171,"column":13}}],"line":169},"29":{"loc":{"start":{"line":172,"column":12},"end":{"line":177,"column":13}},"type":"if","locations":[{"start":{"line":172,"column":12},"end":{"line":177,"column":13}},{"start":{"line":172,"column":12},"end":{"line":177,"column":13}}],"line":172},"30":{"loc":{"start":{"line":172,"column":16},"end":{"line":172,"column":70}},"type":"binary-expr","locations":[{"start":{"line":172,"column":16},"end":{"line":172,"column":37}},{"start":{"line":172,"column":41},"end":{"line":172,"column":70}}],"line":172},"31":{"loc":{"start":{"line":179,"column":13},"end":{"line":246,"column":9}},"type":"if","locations":[{"start":{"line":179,"column":13},"end":{"line":246,"column":9}},{"start":{"line":179,"column":13},"end":{"line":246,"column":9}}],"line":179},"32":{"loc":{"start":{"line":185,"column":12},"end":{"line":187,"column":13}},"type":"if","locations":[{"start":{"line":185,"column":12},"end":{"line":187,"column":13}},{"start":{"line":185,"column":12},"end":{"line":187,"column":13}}],"line":185},"33":{"loc":{"start":{"line":188,"column":12},"end":{"line":193,"column":13}},"type":"if","locations":[{"start":{"line":188,"column":12},"end":{"line":193,"column":13}},{"start":{"line":188,"column":12},"end":{"line":193,"column":13}}],"line":188},"34":{"loc":{"start":{"line":188,"column":16},"end":{"line":188,"column":70}},"type":"binary-expr","locations":[{"start":{"line":188,"column":16},"end":{"line":188,"column":37}},{"start":{"line":188,"column":41},"end":{"line":188,"column":70}}],"line":188},"35":{"loc":{"start":{"line":195,"column":13},"end":{"line":246,"column":9}},"type":"if","locations":[{"start":{"line":195,"column":13},"end":{"line":246,"column":9}},{"start":{"line":195,"column":13},"end":{"line":246,"column":9}}],"line":195},"36":{"loc":{"start":{"line":201,"column":12},"end":{"line":203,"column":13}},"type":"if","locations":[{"start":{"line":201,"column":12},"end":{"line":203,"column":13}},{"start":{"line":201,"column":12},"end":{"line":203,"column":13}}],"line":201},"37":{"loc":{"start":{"line":204,"column":12},"end":{"line":209,"column":13}},"type":"if","locations":[{"start":{"line":204,"column":12},"end":{"line":209,"column":13}},{"start":{"line":204,"column":12},"end":{"line":209,"column":13}}],"line":204},"38":{"loc":{"start":{"line":204,"column":16},"end":{"line":204,"column":70}},"type":"binary-expr","locations":[{"start":{"line":204,"column":16},"end":{"line":204,"column":37}},{"start":{"line":204,"column":41},"end":{"line":204,"column":70}}],"line":204},"39":{"loc":{"start":{"line":211,"column":13},"end":{"line":246,"column":9}},"type":"if","locations":[{"start":{"line":211,"column":13},"end":{"line":246,"column":9}},{"start":{"line":211,"column":13},"end":{"line":246,"column":9}}],"line":211},"40":{"loc":{"start":{"line":217,"column":12},"end":{"line":219,"column":13}},"type":"if","locations":[{"start":{"line":217,"column":12},"end":{"line":219,"column":13}},{"start":{"line":217,"column":12},"end":{"line":219,"column":13}}],"line":217},"41":{"loc":{"start":{"line":220,"column":12},"end":{"line":242,"column":13}},"type":"if","locations":[{"start":{"line":220,"column":12},"end":{"line":242,"column":13}},{"start":{"line":220,"column":12},"end":{"line":242,"column":13}}],"line":220},"42":{"loc":{"start":{"line":220,"column":16},"end":{"line":220,"column":70}},"type":"binary-expr","locations":[{"start":{"line":220,"column":16},"end":{"line":220,"column":37}},{"start":{"line":220,"column":41},"end":{"line":220,"column":70}}],"line":220},"43":{"loc":{"start":{"line":224,"column":16},"end":{"line":241,"column":17}},"type":"if","locations":[{"start":{"line":224,"column":16},"end":{"line":241,"column":17}},{"start":{"line":224,"column":16},"end":{"line":241,"column":17}}],"line":224},"44":{"loc":{"start":{"line":227,"column":21},"end":{"line":241,"column":17}},"type":"if","locations":[{"start":{"line":227,"column":21},"end":{"line":241,"column":17}},{"start":{"line":227,"column":21},"end":{"line":241,"column":17}}],"line":227},"45":{"loc":{"start":{"line":227,"column":25},"end":{"line":227,"column":70}},"type":"binary-expr","locations":[{"start":{"line":227,"column":25},"end":{"line":227,"column":39}},{"start":{"line":227,"column":43},"end":{"line":227,"column":70}}],"line":227},"46":{"loc":{"start":{"line":230,"column":21},"end":{"line":241,"column":17}},"type":"if","locations":[{"start":{"line":230,"column":21},"end":{"line":241,"column":17}},{"start":{"line":230,"column":21},"end":{"line":241,"column":17}}],"line":230},"47":{"loc":{"start":{"line":230,"column":25},"end":{"line":230,"column":70}},"type":"binary-expr","locations":[{"start":{"line":230,"column":25},"end":{"line":230,"column":52}},{"start":{"line":230,"column":56},"end":{"line":230,"column":70}}],"line":230},"48":{"loc":{"start":{"line":233,"column":21},"end":{"line":241,"column":17}},"type":"if","locations":[{"start":{"line":233,"column":21},"end":{"line":241,"column":17}},{"start":{"line":233,"column":21},"end":{"line":241,"column":17}}],"line":233},"49":{"loc":{"start":{"line":233,"column":25},"end":{"line":233,"column":70}},"type":"binary-expr","locations":[{"start":{"line":233,"column":25},"end":{"line":233,"column":39}},{"start":{"line":233,"column":43},"end":{"line":233,"column":70}}],"line":233},"50":{"loc":{"start":{"line":236,"column":21},"end":{"line":241,"column":17}},"type":"if","locations":[{"start":{"line":236,"column":21},"end":{"line":241,"column":17}},{"start":{"line":236,"column":21},"end":{"line":241,"column":17}}],"line":236},"51":{"loc":{"start":{"line":254,"column":16},"end":{"line":259,"column":17}},"type":"if","locations":[{"start":{"line":254,"column":16},"end":{"line":259,"column":17}},{"start":{"line":254,"column":16},"end":{"line":259,"column":17}}],"line":254},"52":{"loc":{"start":{"line":260,"column":16},"end":{"line":265,"column":17}},"type":"if","locations":[{"start":{"line":260,"column":16},"end":{"line":265,"column":17}},{"start":{"line":260,"column":16},"end":{"line":265,"column":17}}],"line":260},"53":{"loc":{"start":{"line":272,"column":8},"end":{"line":285,"column":9}},"type":"if","locations":[{"start":{"line":272,"column":8},"end":{"line":285,"column":9}},{"start":{"line":272,"column":8},"end":{"line":285,"column":9}}],"line":272},"54":{"loc":{"start":{"line":277,"column":16},"end":{"line":282,"column":17}},"type":"if","locations":[{"start":{"line":277,"column":16},"end":{"line":282,"column":17}},{"start":{"line":277,"column":16},"end":{"line":282,"column":17}}],"line":277},"55":{"loc":{"start":{"line":280,"column":21},"end":{"line":282,"column":17}},"type":"if","locations":[{"start":{"line":280,"column":21},"end":{"line":282,"column":17}},{"start":{"line":280,"column":21},"end":{"line":282,"column":17}}],"line":280},"56":{"loc":{"start":{"line":292,"column":16},"end":{"line":294,"column":17}},"type":"if","locations":[{"start":{"line":292,"column":16},"end":{"line":294,"column":17}},{"start":{"line":292,"column":16},"end":{"line":294,"column":17}}],"line":292},"57":{"loc":{"start":{"line":296,"column":16},"end":{"line":298,"column":17}},"type":"if","locations":[{"start":{"line":296,"column":16},"end":{"line":298,"column":17}},{"start":{"line":296,"column":16},"end":{"line":298,"column":17}}],"line":296},"58":{"loc":{"start":{"line":300,"column":16},"end":{"line":302,"column":17}},"type":"if","locations":[{"start":{"line":300,"column":16},"end":{"line":302,"column":17}},{"start":{"line":300,"column":16},"end":{"line":302,"column":17}}],"line":300},"59":{"loc":{"start":{"line":306,"column":16},"end":{"line":311,"column":17}},"type":"if","locations":[{"start":{"line":306,"column":16},"end":{"line":311,"column":17}},{"start":{"line":306,"column":16},"end":{"line":311,"column":17}}],"line":306},"60":{"loc":{"start":{"line":313,"column":16},"end":{"line":315,"column":17}},"type":"if","locations":[{"start":{"line":313,"column":16},"end":{"line":315,"column":17}},{"start":{"line":313,"column":16},"end":{"line":315,"column":17}}],"line":313},"61":{"loc":{"start":{"line":317,"column":16},"end":{"line":319,"column":17}},"type":"if","locations":[{"start":{"line":317,"column":16},"end":{"line":319,"column":17}},{"start":{"line":317,"column":16},"end":{"line":319,"column":17}}],"line":317},"62":{"loc":{"start":{"line":336,"column":16},"end":{"line":351,"column":17}},"type":"if","locations":[{"start":{"line":336,"column":16},"end":{"line":351,"column":17}},{"start":{"line":336,"column":16},"end":{"line":351,"column":17}}],"line":336}},"s":{"0":1,"1":1,"2":1,"3":1,"4":1,"5":1,"6":1,"7":1,"8":1,"9":1,"10":1,"11":1,"12":0,"13":77,"14":18,"15":59,"16":18,"17":41,"18":2,"19":39,"20":1,"21":38,"22":37,"23":1,"24":37,"25":37,"26":37,"27":37,"28":23,"29":23,"30":0,"31":14,"32":1,"33":1,"34":1,"35":1,"36":1,"37":1,"38":0,"39":0,"40":24,"41":24,"42":24,"43":24,"44":24,"45":24,"46":24,"47":24,"48":24,"49":24,"50":0,"51":29,"52":2,"53":27,"54":27,"55":27,"56":27,"57":5,"58":22,"59":22,"60":22,"61":22,"62":0,"63":0,"64":0,"65":0,"66":0,"67":0,"68":0,"69":0,"70":0,"71":0,"72":0,"73":0,"74":0,"75":0,"76":0,"77":0,"78":0,"79":0,"80":0,"81":0,"82":0,"83":0,"84":0,"85":0,"86":0,"87":0,"88":0,"89":0,"90":0,"91":0,"92":0,"93":0,"94":0,"95":0,"96":0,"97":0,"98":0,"99":0,"100":0,"101":0,"102":0,"103":0,"104":0,"105":0,"106":0,"107":0,"108":0,"109":0,"110":0,"111":0,"112":0,"113":0,"114":0,"115":0,"116":0,"117":0,"118":0,"119":0,"120":0,"121":0,"122":0,"123":0,"124":0,"125":0,"126":0,"127":0,"128":0,"129":0,"130":0,"131":0,"132":0,"133":0,"134":0,"135":0,"136":0,"137":0,"138":0,"139":0,"140":0,"141":0,"142":0,"143":0,"144":0,"145":0,"146":0,"147":0,"148":0,"149":0,"150":0,"151":0,"152":0,"153":0,"154":0,"155":0,"156":0,"157":0,"158":0,"159":0,"160":0,"161":0,"162":0,"163":0,"164":0,"165":0,"166":0,"167":0,"168":0,"169":0,"170":0,"171":0,"172":0,"173":0,"174":0,"175":0,"176":0,"177":0,"178":0,"179":0,"180":0,"181":0,"182":0,"183":0,"184":0,"185":0,"186":0,"187":0,"188":0,"189":0,"190":0,"191":0,"192":0,"193":0,"194":0,"195":0,"196":4,"197":4,"198":4,"199":4,"200":3,"201":3,"202":3,"203":3,"204":2,"205":7178,"206":2,"207":2,"208":2,"209":1,"210":74,"211":1,"212":1,"213":1,"214":4,"215":3,"216":1},"f":{"0":1,"1":77,"2":37,"3":37,"4":23,"5":23,"6":0,"7":14,"8":1,"9":1,"10":1,"11":1,"12":0,"13":0,"14":24,"15":24,"16":24,"17":29,"18":27,"19":0,"20":0,"21":0,"22":0,"23":0,"24":0,"25":0,"26":4,"27":4,"28":3},"b":{"0":[0,1],"1":[18,59],"2":[77,28],"3":[18,41],"4":[59,53,47],"5":[2,39],"6":[41,41,41],"7":[1,38],"8":[37,1],"9":[24,0],"10":[2,27],"11":[29,28],"12":[5,22],"13":[27,22],"14":[0,0],"15":[0,0],"16":[0,0],"17":[0,0],"18":[0,0],"19":[0,0],"20":[0,0],"21":[0,0],"22":[0,0],"23":[0,0],"24":[0,0],"25":[0,0],"26":[0,0],"27":[0,0],"28":[0,0],"29":[0,0],"30":[0,0],"31":[0,0],"32":[0,0],"33":[0,0],"34":[0,0],"35":[0,0],"36":[0,0],"37":[0,0],"38":[0,0],"39":[0,0],"40":[0,0],"41":[0,0],"42":[0,0],"43":[0,0],"44":[0,0],"45":[0,0],"46":[0,0],"47":[0,0],"48":[0,0],"49":[0,0],"50":[0,0],"51":[0,0],"52":[0,0],"53":[0,0],"54":[0,0],"55":[0,0],"56":[0,0],"57":[0,0],"58":[0,0],"59":[0,0],"60":[0,0],"61":[0,0],"62":[2,1]},"_coverageSchema":"332fd63041d2c1bcb487cc26dd0d5f7d97098a6c","hash":"6073851338256fe2cbdf93cefbd29d5dad952608","contentHash":"fcd3a064d7aa303302596b5dad19244d_11.3.0"},"/Users/zzhong/Documents/courses/CPSC310/project_n3v0b_z9y0b/src/Util.js":{"path":"/Users/zzhong/Documents/courses/CPSC310/project_n3v0b_z9y0b/src/Util.js","statementMap":{"0":{"start":{"line":2,"column":0},"end":{"line":2,"column":62}},"1":{"start":{"line":3,"column":15},"end":{"line":3,"column":32}},"2":{"start":{"line":4,"column":0},"end":{"line":4,"column":16}},"3":{"start":{"line":6,"column":0},"end":{"line":13,"column":32}},"4":{"start":{"line":7,"column":4},"end":{"line":7,"column":46}},"5":{"start":{"line":8,"column":4},"end":{"line":8,"column":44}},"6":{"start":{"line":9,"column":4},"end":{"line":9,"column":44}},"7":{"start":{"line":10,"column":4},"end":{"line":10,"column":46}},"8":{"start":{"line":11,"column":4},"end":{"line":11,"column":44}},"9":{"start":{"line":12,"column":4},"end":{"line":12,"column":44}},"10":{"start":{"line":15,"column":0},"end":{"line":36,"column":1}},"11":{"start":{"line":17,"column":8},"end":{"line":17,"column":35}},"12":{"start":{"line":18,"column":8},"end":{"line":18,"column":14}},"13":{"start":{"line":20,"column":8},"end":{"line":20,"column":34}},"14":{"start":{"line":21,"column":8},"end":{"line":21,"column":14}},"15":{"start":{"line":23,"column":8},"end":{"line":23,"column":34}},"16":{"start":{"line":24,"column":8},"end":{"line":24,"column":14}},"17":{"start":{"line":26,"column":8},"end":{"line":26,"column":35}},"18":{"start":{"line":27,"column":8},"end":{"line":27,"column":14}},"19":{"start":{"line":29,"column":8},"end":{"line":29,"column":34}},"20":{"start":{"line":30,"column":8},"end":{"line":30,"column":14}},"21":{"start":{"line":32,"column":8},"end":{"line":32,"column":34}},"22":{"start":{"line":33,"column":8},"end":{"line":33,"column":14}},"23":{"start":{"line":35,"column":8},"end":{"line":35,"column":35}},"24":{"start":{"line":39,"column":8},"end":{"line":41,"column":9}},"25":{"start":{"line":40,"column":12},"end":{"line":40,"column":70}},"26":{"start":{"line":44,"column":8},"end":{"line":46,"column":9}},"27":{"start":{"line":45,"column":12},"end":{"line":45,"column":71}},"28":{"start":{"line":49,"column":8},"end":{"line":51,"column":9}},"29":{"start":{"line":50,"column":12},"end":{"line":50,"column":71}},"30":{"start":{"line":54,"column":8},"end":{"line":56,"column":9}},"31":{"start":{"line":55,"column":12},"end":{"line":55,"column":72}},"32":{"start":{"line":59,"column":8},"end":{"line":61,"column":9}},"33":{"start":{"line":60,"column":12},"end":{"line":60,"column":70}},"34":{"start":{"line":64,"column":0},"end":{"line":64,"column":22}},"35":{"start":{"line":65,"column":0},"end":{"line":65,"column":22}}},"fnMap":{"0":{"name":"(anonymous_0)","decl":{"start":{"line":6,"column":1},"end":{"line":6,"column":2}},"loc":{"start":{"line":6,"column":21},"end":{"line":13,"column":1}},"line":6},"1":{"name":"(anonymous_1)","decl":{"start":{"line":38,"column":4},"end":{"line":38,"column":5}},"loc":{"start":{"line":38,"column":22},"end":{"line":42,"column":5}},"line":38},"2":{"name":"(anonymous_2)","decl":{"start":{"line":43,"column":4},"end":{"line":43,"column":5}},"loc":{"start":{"line":43,"column":21},"end":{"line":47,"column":5}},"line":43},"3":{"name":"(anonymous_3)","decl":{"start":{"line":48,"column":4},"end":{"line":48,"column":5}},"loc":{"start":{"line":48,"column":21},"end":{"line":52,"column":5}},"line":48},"4":{"name":"(anonymous_4)","decl":{"start":{"line":53,"column":4},"end":{"line":53,"column":5}},"loc":{"start":{"line":53,"column":22},"end":{"line":57,"column":5}},"line":53},"5":{"name":"(anonymous_5)","decl":{"start":{"line":58,"column":4},"end":{"line":58,"column":5}},"loc":{"start":{"line":58,"column":21},"end":{"line":62,"column":5}},"line":58}},"branchMap":{"0":{"loc":{"start":{"line":13,"column":3},"end":{"line":13,"column":30}},"type":"binary-expr","locations":[{"start":{"line":13,"column":3},"end":{"line":13,"column":11}},{"start":{"line":13,"column":16},"end":{"line":13,"column":29}}],"line":13},"1":{"loc":{"start":{"line":15,"column":0},"end":{"line":36,"column":1}},"type":"switch","locations":[{"start":{"line":16,"column":4},"end":{"line":18,"column":14}},{"start":{"line":19,"column":4},"end":{"line":21,"column":14}},{"start":{"line":22,"column":4},"end":{"line":24,"column":14}},{"start":{"line":25,"column":4},"end":{"line":27,"column":14}},{"start":{"line":28,"column":4},"end":{"line":30,"column":14}},{"start":{"line":31,"column":4},"end":{"line":33,"column":14}},{"start":{"line":34,"column":4},"end":{"line":35,"column":35}}],"line":15},"2":{"loc":{"start":{"line":15,"column":9},"end":{"line":15,"column":39}},"type":"binary-expr","locations":[{"start":{"line":15,"column":9},"end":{"line":15,"column":33}},{"start":{"line":15,"column":37},"end":{"line":15,"column":39}}],"line":15},"3":{"loc":{"start":{"line":39,"column":8},"end":{"line":41,"column":9}},"type":"if","locations":[{"start":{"line":39,"column":8},"end":{"line":41,"column":9}},{"start":{"line":39,"column":8},"end":{"line":41,"column":9}}],"line":39},"4":{"loc":{"start":{"line":44,"column":8},"end":{"line":46,"column":9}},"type":"if","locations":[{"start":{"line":44,"column":8},"end":{"line":46,"column":9}},{"start":{"line":44,"column":8},"end":{"line":46,"column":9}}],"line":44},"5":{"loc":{"start":{"line":49,"column":8},"end":{"line":51,"column":9}},"type":"if","locations":[{"start":{"line":49,"column":8},"end":{"line":51,"column":9}},{"start":{"line":49,"column":8},"end":{"line":51,"column":9}}],"line":49},"6":{"loc":{"start":{"line":54,"column":8},"end":{"line":56,"column":9}},"type":"if","locations":[{"start":{"line":54,"column":8},"end":{"line":56,"column":9}},{"start":{"line":54,"column":8},"end":{"line":56,"column":9}}],"line":54},"7":{"loc":{"start":{"line":59,"column":8},"end":{"line":61,"column":9}},"type":"if","locations":[{"start":{"line":59,"column":8},"end":{"line":61,"column":9}},{"start":{"line":59,"column":8},"end":{"line":61,"column":9}}],"line":59}},"s":{"0":1,"1":1,"2":1,"3":1,"4":1,"5":1,"6":1,"7":1,"8":1,"9":1,"10":1,"11":0,"12":0,"13":0,"14":0,"15":0,"16":0,"17":0,"18":0,"19":0,"20":0,"21":0,"22":0,"23":1,"24":3,"25":3,"26":75,"27":75,"28":24,"29":24,"30":0,"31":0,"32":222,"33":222,"34":1,"35":1},"f":{"0":1,"1":3,"2":75,"3":24,"4":0,"5":222},"b":{"0":[1,1],"1":[0,0,0,0,0,0,1],"2":[1,1],"3":[3,0],"4":[75,0],"5":[24,0],"6":[0,0],"7":[222,0]},"_coverageSchema":"332fd63041d2c1bcb487cc26dd0d5f7d97098a6c","hash":"5728b964a23e6928167cc13790a893bc1bb63cca","contentHash":"df56e77609a28c92e616d95f0320a973_11.3.0"},"/Users/zzhong/Documents/courses/CPSC310/project_n3v0b_z9y0b/src/controller/ParseZip.js":{"path":"/Users/zzhong/Documents/courses/CPSC310/project_n3v0b_z9y0b/src/controller/ParseZip.js","statementMap":{"0":{"start":{"line":2,"column":0},"end":{"line":2,"column":62}},"1":{"start":{"line":3,"column":25},"end":{"line":3,"column":52}},"2":{"start":{"line":4,"column":17},"end":{"line":4,"column":36}},"3":{"start":{"line":5,"column":18},"end":{"line":5,"column":38}},"4":{"start":{"line":6,"column":15},"end":{"line":6,"column":33}},"5":{"start":{"line":7,"column":14},"end":{"line":7,"column":30}},"6":{"start":{"line":10,"column":8},"end":{"line":10,"column":31}},"7":{"start":{"line":13,"column":8},"end":{"line":13,"column":43}},"8":{"start":{"line":14,"column":16},"end":{"line":14,"column":20}},"9":{"start":{"line":15,"column":30},"end":{"line":15,"column":32}},"10":{"start":{"line":16,"column":8},"end":{"line":45,"column":11}},"11":{"start":{"line":17,"column":12},"end":{"line":44,"column":15}},"12":{"start":{"line":19,"column":16},"end":{"line":24,"column":17}},"13":{"start":{"line":20,"column":20},"end":{"line":23,"column":21}},"14":{"start":{"line":21,"column":44},"end":{"line":21,"column":75}},"15":{"start":{"line":22,"column":24},"end":{"line":22,"column":60}},"16":{"start":{"line":25,"column":16},"end":{"line":41,"column":19}},"17":{"start":{"line":26,"column":20},"end":{"line":26,"column":60}},"18":{"start":{"line":27,"column":33},"end":{"line":27,"column":35}},"19":{"start":{"line":28,"column":20},"end":{"line":32,"column":21}},"20":{"start":{"line":29,"column":24},"end":{"line":31,"column":25}},"21":{"start":{"line":30,"column":28},"end":{"line":30,"column":43}},"22":{"start":{"line":33,"column":20},"end":{"line":38,"column":21}},"23":{"start":{"line":34,"column":24},"end":{"line":34,"column":68}},"24":{"start":{"line":37,"column":24},"end":{"line":37,"column":40}},"25":{"start":{"line":40,"column":20},"end":{"line":40,"column":64}},"26":{"start":{"line":43,"column":16},"end":{"line":43,"column":60}},"27":{"start":{"line":48,"column":16},"end":{"line":48,"column":20}},"28":{"start":{"line":49,"column":8},"end":{"line":77,"column":9}},"29":{"start":{"line":50,"column":12},"end":{"line":50,"column":24}},"30":{"start":{"line":53,"column":12},"end":{"line":76,"column":15}},"31":{"start":{"line":54,"column":16},"end":{"line":75,"column":19}},"32":{"start":{"line":57,"column":20},"end":{"line":62,"column":21}},"33":{"start":{"line":58,"column":24},"end":{"line":58,"column":54}},"34":{"start":{"line":61,"column":24},"end":{"line":61,"column":38}},"35":{"start":{"line":63,"column":20},"end":{"line":72,"column":21}},"36":{"start":{"line":64,"column":24},"end":{"line":64,"column":38}},"37":{"start":{"line":67,"column":37},"end":{"line":67,"column":68}},"38":{"start":{"line":68,"column":24},"end":{"line":70,"column":25}},"39":{"start":{"line":69,"column":28},"end":{"line":69,"column":286}},"40":{"start":{"line":71,"column":24},"end":{"line":71,"column":40}},"41":{"start":{"line":74,"column":20},"end":{"line":74,"column":34}},"42":{"start":{"line":80,"column":0},"end":{"line":80,"column":28}}},"fnMap":{"0":{"name":"(anonymous_0)","decl":{"start":{"line":9,"column":4},"end":{"line":9,"column":5}},"loc":{"start":{"line":9,"column":18},"end":{"line":11,"column":5}},"line":9},"1":{"name":"(anonymous_1)","decl":{"start":{"line":12,"column":4},"end":{"line":12,"column":5}},"loc":{"start":{"line":12,"column":22},"end":{"line":46,"column":5}},"line":12},"2":{"name":"(anonymous_2)","decl":{"start":{"line":16,"column":27},"end":{"line":16,"column":28}},"loc":{"start":{"line":16,"column":54},"end":{"line":45,"column":9}},"line":16},"3":{"name":"(anonymous_3)","decl":{"start":{"line":18,"column":22},"end":{"line":18,"column":23}},"loc":{"start":{"line":18,"column":43},"end":{"line":42,"column":13}},"line":18},"4":{"name":"(anonymous_4)","decl":{"start":{"line":25,"column":50},"end":{"line":25,"column":51}},"loc":{"start":{"line":25,"column":69},"end":{"line":39,"column":17}},"line":25},"5":{"name":"(anonymous_5)","decl":{"start":{"line":39,"column":25},"end":{"line":39,"column":26}},"loc":{"start":{"line":39,"column":37},"end":{"line":41,"column":17}},"line":39},"6":{"name":"(anonymous_6)","decl":{"start":{"line":42,"column":21},"end":{"line":42,"column":22}},"loc":{"start":{"line":42,"column":33},"end":{"line":44,"column":13}},"line":42},"7":{"name":"(anonymous_7)","decl":{"start":{"line":47,"column":4},"end":{"line":47,"column":5}},"loc":{"start":{"line":47,"column":34},"end":{"line":78,"column":5}},"line":47},"8":{"name":"(anonymous_8)","decl":{"start":{"line":53,"column":31},"end":{"line":53,"column":32}},"loc":{"start":{"line":53,"column":50},"end":{"line":76,"column":13}},"line":53},"9":{"name":"(anonymous_9)","decl":{"start":{"line":55,"column":26},"end":{"line":55,"column":27}},"loc":{"start":{"line":55,"column":48},"end":{"line":73,"column":17}},"line":55},"10":{"name":"(anonymous_10)","decl":{"start":{"line":73,"column":25},"end":{"line":73,"column":26}},"loc":{"start":{"line":73,"column":37},"end":{"line":75,"column":17}},"line":73}},"branchMap":{"0":{"loc":{"start":{"line":20,"column":20},"end":{"line":23,"column":21}},"type":"if","locations":[{"start":{"line":20,"column":20},"end":{"line":23,"column":21}},{"start":{"line":20,"column":20},"end":{"line":23,"column":21}}],"line":20},"1":{"loc":{"start":{"line":29,"column":24},"end":{"line":31,"column":25}},"type":"if","locations":[{"start":{"line":29,"column":24},"end":{"line":31,"column":25}},{"start":{"line":29,"column":24},"end":{"line":31,"column":25}}],"line":29},"2":{"loc":{"start":{"line":33,"column":20},"end":{"line":38,"column":21}},"type":"if","locations":[{"start":{"line":33,"column":20},"end":{"line":38,"column":21}},{"start":{"line":33,"column":20},"end":{"line":38,"column":21}}],"line":33},"3":{"loc":{"start":{"line":49,"column":8},"end":{"line":77,"column":9}},"type":"if","locations":[{"start":{"line":49,"column":8},"end":{"line":77,"column":9}},{"start":{"line":49,"column":8},"end":{"line":77,"column":9}}],"line":49},"4":{"loc":{"start":{"line":63,"column":20},"end":{"line":72,"column":21}},"type":"if","locations":[{"start":{"line":63,"column":20},"end":{"line":72,"column":21}},{"start":{"line":63,"column":20},"end":{"line":72,"column":21}}],"line":63},"5":{"loc":{"start":{"line":69,"column":215},"end":{"line":69,"column":282}},"type":"cond-expr","locations":[{"start":{"line":69,"column":249},"end":{"line":69,"column":253}},{"start":{"line":69,"column":256},"end":{"line":69,"column":282}}],"line":69}},"s":{"0":1,"1":1,"2":1,"3":1,"4":1,"5":1,"6":37,"7":37,"8":37,"9":37,"10":37,"11":37,"12":37,"13":42071,"14":35999,"15":35999,"16":37,"17":37,"18":37,"19":37,"20":35999,"21":21567,"22":37,"23":14,"24":23,"25":0,"26":0,"27":35999,"28":35999,"29":68,"30":35931,"31":35931,"32":35931,"33":35931,"34":228,"35":35931,"36":14136,"37":21567,"38":21567,"39":388132,"40":21567,"41":228,"42":1},"f":{"0":37,"1":37,"2":37,"3":37,"4":37,"5":0,"6":0,"7":35999,"8":35931,"9":35931,"10":228},"b":{"0":[35999,6072],"1":[21567,14432],"2":[14,23],"3":[68,35931],"4":[14136,21567],"5":[147931,240201]},"_coverageSchema":"332fd63041d2c1bcb487cc26dd0d5f7d97098a6c","hash":"9b81591864f453b53b1816dcb23dd44c29d530a6","contentHash":"ebfd134f0a070d67ce1f723cafc9e5cf_11.3.0"},"/Users/zzhong/Documents/courses/CPSC310/project_n3v0b_z9y0b/src/controller/Course.js":{"path":"/Users/zzhong/Documents/courses/CPSC310/project_n3v0b_z9y0b/src/controller/Course.js","statementMap":{"0":{"start":{"line":2,"column":0},"end":{"line":2,"column":62}},"1":{"start":{"line":3,"column":25},"end":{"line":3,"column":52}},"2":{"start":{"line":6,"column":8},"end":{"line":6,"column":37}},"3":{"start":{"line":7,"column":8},"end":{"line":7,"column":27}},"4":{"start":{"line":10,"column":8},"end":{"line":10,"column":36}},"5":{"start":{"line":13,"column":8},"end":{"line":13,"column":59}},"6":{"start":{"line":16,"column":8},"end":{"line":16,"column":36}},"7":{"start":{"line":19,"column":0},"end":{"line":19,"column":24}}},"fnMap":{"0":{"name":"(anonymous_0)","decl":{"start":{"line":5,"column":4},"end":{"line":5,"column":5}},"loc":{"start":{"line":5,"column":28},"end":{"line":8,"column":5}},"line":5},"1":{"name":"(anonymous_1)","decl":{"start":{"line":9,"column":4},"end":{"line":9,"column":5}},"loc":{"start":{"line":9,"column":24},"end":{"line":11,"column":5}},"line":9},"2":{"name":"(anonymous_2)","decl":{"start":{"line":12,"column":4},"end":{"line":12,"column":5}},"loc":{"start":{"line":12,"column":14},"end":{"line":14,"column":5}},"line":12},"3":{"name":"(anonymous_3)","decl":{"start":{"line":15,"column":4},"end":{"line":15,"column":5}},"loc":{"start":{"line":15,"column":23},"end":{"line":17,"column":5}},"line":15}},"branchMap":{},"s":{"0":1,"1":1,"2":21567,"3":21567,"4":388132,"5":2,"6":7178,"7":1},"f":{"0":21567,"1":388132,"2":2,"3":7178},"b":{},"_coverageSchema":"332fd63041d2c1bcb487cc26dd0d5f7d97098a6c","hash":"47bd09ef9c45733c1bb69b9b1fa7ee09aacb2a7c","contentHash":"420ebb2214e557b985ae28dc26660900_11.3.0"},"/Users/zzhong/Documents/courses/CPSC310/project_n3v0b_z9y0b/src/controller/Section.js":{"path":"/Users/zzhong/Documents/courses/CPSC310/project_n3v0b_z9y0b/src/controller/Section.js","statementMap":{"0":{"start":{"line":2,"column":0},"end":{"line":2,"column":62}},"1":{"start":{"line":5,"column":8},"end":{"line":5,"column":25}},"2":{"start":{"line":6,"column":8},"end":{"line":6,"column":21}},"3":{"start":{"line":7,"column":8},"end":{"line":7,"column":23}},"4":{"start":{"line":8,"column":8},"end":{"line":8,"column":37}},"5":{"start":{"line":9,"column":8},"end":{"line":9,"column":27}},"6":{"start":{"line":10,"column":8},"end":{"line":10,"column":25}},"7":{"start":{"line":11,"column":8},"end":{"line":11,"column":25}},"8":{"start":{"line":12,"column":8},"end":{"line":12,"column":27}},"9":{"start":{"line":13,"column":8},"end":{"line":13,"column":25}},"10":{"start":{"line":14,"column":8},"end":{"line":14,"column":25}},"11":{"start":{"line":17,"column":0},"end":{"line":17,"column":26}}},"fnMap":{"0":{"name":"(anonymous_0)","decl":{"start":{"line":4,"column":4},"end":{"line":4,"column":5}},"loc":{"start":{"line":4,"column":81},"end":{"line":15,"column":5}},"line":4}},"branchMap":{},"s":{"0":1,"1":388132,"2":388132,"3":388132,"4":388132,"5":388132,"6":388132,"7":388132,"8":388132,"9":388132,"10":388132,"11":1},"f":{"0":388132},"b":{},"_coverageSchema":"332fd63041d2c1bcb487cc26dd0d5f7d97098a6c","hash":"77e75a13019c5f068f2adb35c58cde04bc59bf0d","contentHash":"085402c142dbc792ae644dac4d228ebb_11.3.0"},"/Users/zzhong/Documents/courses/CPSC310/project_n3v0b_z9y0b/src/controller/ParseZipRoom.js":{"path":"/Users/zzhong/Documents/courses/CPSC310/project_n3v0b_z9y0b/src/controller/ParseZipRoom.js","statementMap":{"0":{"start":{"line":2,"column":0},"end":{"line":2,"column":62}},"1":{"start":{"line":3,"column":25},"end":{"line":3,"column":52}},"2":{"start":{"line":4,"column":15},"end":{"line":4,"column":33}},"3":{"start":{"line":5,"column":19},"end":{"line":5,"column":40}},"4":{"start":{"line":6,"column":15},"end":{"line":6,"column":32}},"5":{"start":{"line":7,"column":14},"end":{"line":7,"column":30}},"6":{"start":{"line":8,"column":15},"end":{"line":8,"column":32}},"7":{"start":{"line":9,"column":13},"end":{"line":9,"column":28}},"8":{"start":{"line":12,"column":8},"end":{"line":12,"column":31}},"9":{"start":{"line":15,"column":8},"end":{"line":15,"column":47}},"10":{"start":{"line":16,"column":16},"end":{"line":16,"column":20}},"11":{"start":{"line":17,"column":8},"end":{"line":17,"column":31}},"12":{"start":{"line":18,"column":8},"end":{"line":33,"column":11}},"13":{"start":{"line":19,"column":12},"end":{"line":32,"column":15}},"14":{"start":{"line":21,"column":16},"end":{"line":29,"column":19}},"15":{"start":{"line":22,"column":20},"end":{"line":26,"column":23}},"16":{"start":{"line":23,"column":24},"end":{"line":23,"column":43}},"17":{"start":{"line":25,"column":24},"end":{"line":25,"column":89}},"18":{"start":{"line":28,"column":20},"end":{"line":28,"column":76}},"19":{"start":{"line":31,"column":16},"end":{"line":31,"column":76}},"20":{"start":{"line":36,"column":16},"end":{"line":36,"column":20}},"21":{"start":{"line":37,"column":8},"end":{"line":57,"column":11}},"22":{"start":{"line":38,"column":29},"end":{"line":38,"column":51}},"23":{"start":{"line":39,"column":36},"end":{"line":39,"column":38}},"24":{"start":{"line":40,"column":12},"end":{"line":40,"column":61}},"25":{"start":{"line":41,"column":12},"end":{"line":56,"column":15}},"26":{"start":{"line":42,"column":38},"end":{"line":42,"column":43}},"27":{"start":{"line":43,"column":16},"end":{"line":47,"column":17}},"28":{"start":{"line":44,"column":20},"end":{"line":46,"column":21}},"29":{"start":{"line":45,"column":24},"end":{"line":45,"column":47}},"30":{"start":{"line":48,"column":16},"end":{"line":53,"column":17}},"31":{"start":{"line":49,"column":20},"end":{"line":49,"column":39}},"32":{"start":{"line":52,"column":20},"end":{"line":52,"column":93}},"33":{"start":{"line":55,"column":16},"end":{"line":55,"column":91}},"34":{"start":{"line":60,"column":8},"end":{"line":70,"column":9}},"35":{"start":{"line":61,"column":12},"end":{"line":65,"column":13}},"36":{"start":{"line":62,"column":16},"end":{"line":64,"column":17}},"37":{"start":{"line":63,"column":20},"end":{"line":63,"column":38}},"38":{"start":{"line":66,"column":12},"end":{"line":66,"column":24}},"39":{"start":{"line":69,"column":12},"end":{"line":69,"column":24}},"40":{"start":{"line":73,"column":8},"end":{"line":87,"column":9}},"41":{"start":{"line":74,"column":12},"end":{"line":82,"column":13}},"42":{"start":{"line":75,"column":16},"end":{"line":81,"column":17}},"43":{"start":{"line":76,"column":20},"end":{"line":80,"column":21}},"44":{"start":{"line":77,"column":24},"end":{"line":79,"column":25}},"45":{"start":{"line":78,"column":28},"end":{"line":78,"column":53}},"46":{"start":{"line":83,"column":12},"end":{"line":83,"column":24}},"47":{"start":{"line":86,"column":12},"end":{"line":86,"column":24}},"48":{"start":{"line":90,"column":8},"end":{"line":100,"column":9}},"49":{"start":{"line":91,"column":12},"end":{"line":95,"column":13}},"50":{"start":{"line":92,"column":16},"end":{"line":94,"column":17}},"51":{"start":{"line":93,"column":20},"end":{"line":93,"column":45}},"52":{"start":{"line":96,"column":12},"end":{"line":96,"column":24}},"53":{"start":{"line":99,"column":12},"end":{"line":99,"column":24}},"54":{"start":{"line":103,"column":8},"end":{"line":113,"column":9}},"55":{"start":{"line":104,"column":12},"end":{"line":108,"column":13}},"56":{"start":{"line":105,"column":16},"end":{"line":107,"column":17}},"57":{"start":{"line":106,"column":20},"end":{"line":106,"column":45}},"58":{"start":{"line":109,"column":12},"end":{"line":109,"column":24}},"59":{"start":{"line":112,"column":12},"end":{"line":112,"column":24}},"60":{"start":{"line":116,"column":8},"end":{"line":130,"column":9}},"61":{"start":{"line":117,"column":12},"end":{"line":125,"column":13}},"62":{"start":{"line":118,"column":16},"end":{"line":124,"column":17}},"63":{"start":{"line":119,"column":20},"end":{"line":123,"column":21}},"64":{"start":{"line":120,"column":24},"end":{"line":122,"column":25}},"65":{"start":{"line":121,"column":28},"end":{"line":121,"column":53}},"66":{"start":{"line":126,"column":12},"end":{"line":126,"column":24}},"67":{"start":{"line":129,"column":12},"end":{"line":129,"column":24}},"68":{"start":{"line":133,"column":8},"end":{"line":165,"column":9}},"69":{"start":{"line":134,"column":27},"end":{"line":134,"column":31}},"70":{"start":{"line":135,"column":28},"end":{"line":135,"column":32}},"71":{"start":{"line":136,"column":26},"end":{"line":136,"column":30}},"72":{"start":{"line":137,"column":23},"end":{"line":137,"column":27}},"73":{"start":{"line":138,"column":12},"end":{"line":140,"column":13}},"74":{"start":{"line":139,"column":16},"end":{"line":139,"column":23}},"75":{"start":{"line":141,"column":12},"end":{"line":154,"column":13}},"76":{"start":{"line":142,"column":16},"end":{"line":153,"column":17}},"77":{"start":{"line":143,"column":20},"end":{"line":146,"column":21}},"78":{"start":{"line":144,"column":24},"end":{"line":144,"column":60}},"79":{"start":{"line":145,"column":24},"end":{"line":145,"column":52}},"80":{"start":{"line":147,"column":20},"end":{"line":149,"column":21}},"81":{"start":{"line":148,"column":24},"end":{"line":148,"column":62}},"82":{"start":{"line":150,"column":20},"end":{"line":152,"column":21}},"83":{"start":{"line":151,"column":24},"end":{"line":151,"column":58}},"84":{"start":{"line":155,"column":12},"end":{"line":157,"column":13}},"85":{"start":{"line":156,"column":16},"end":{"line":156,"column":100}},"86":{"start":{"line":160,"column":12},"end":{"line":164,"column":13}},"87":{"start":{"line":161,"column":16},"end":{"line":163,"column":17}},"88":{"start":{"line":162,"column":20},"end":{"line":162,"column":67}},"89":{"start":{"line":168,"column":16},"end":{"line":168,"column":20}},"90":{"start":{"line":169,"column":30},"end":{"line":169,"column":32}},"91":{"start":{"line":170,"column":8},"end":{"line":184,"column":11}},"92":{"start":{"line":171,"column":12},"end":{"line":183,"column":15}},"93":{"start":{"line":173,"column":16},"end":{"line":175,"column":17}},"94":{"start":{"line":174,"column":20},"end":{"line":174,"column":87}},"95":{"start":{"line":176,"column":16},"end":{"line":180,"column":19}},"96":{"start":{"line":177,"column":20},"end":{"line":177,"column":39}},"97":{"start":{"line":179,"column":20},"end":{"line":179,"column":93}},"98":{"start":{"line":182,"column":16},"end":{"line":182,"column":76}},"99":{"start":{"line":187,"column":16},"end":{"line":187,"column":20}},"100":{"start":{"line":188,"column":8},"end":{"line":198,"column":11}},"101":{"start":{"line":189,"column":12},"end":{"line":197,"column":15}},"102":{"start":{"line":191,"column":16},"end":{"line":194,"column":19}},"103":{"start":{"line":192,"column":20},"end":{"line":192,"column":45}},"104":{"start":{"line":193,"column":20},"end":{"line":193,"column":38}},"105":{"start":{"line":196,"column":16},"end":{"line":196,"column":72}},"106":{"start":{"line":201,"column":16},"end":{"line":201,"column":20}},"107":{"start":{"line":202,"column":8},"end":{"line":217,"column":11}},"108":{"start":{"line":203,"column":29},"end":{"line":203,"column":51}},"109":{"start":{"line":204,"column":32},"end":{"line":204,"column":34}},"110":{"start":{"line":205,"column":12},"end":{"line":205,"column":63}},"111":{"start":{"line":206,"column":12},"end":{"line":216,"column":15}},"112":{"start":{"line":207,"column":29},"end":{"line":207,"column":31}},"113":{"start":{"line":208,"column":16},"end":{"line":212,"column":17}},"114":{"start":{"line":209,"column":20},"end":{"line":211,"column":21}},"115":{"start":{"line":210,"column":24},"end":{"line":210,"column":39}},"116":{"start":{"line":213,"column":16},"end":{"line":213,"column":32}},"117":{"start":{"line":215,"column":16},"end":{"line":215,"column":89}},"118":{"start":{"line":220,"column":8},"end":{"line":234,"column":9}},"119":{"start":{"line":221,"column":12},"end":{"line":229,"column":13}},"120":{"start":{"line":222,"column":16},"end":{"line":228,"column":17}},"121":{"start":{"line":223,"column":20},"end":{"line":227,"column":21}},"122":{"start":{"line":224,"column":24},"end":{"line":226,"column":25}},"123":{"start":{"line":225,"column":28},"end":{"line":225,"column":53}},"124":{"start":{"line":230,"column":12},"end":{"line":230,"column":24}},"125":{"start":{"line":233,"column":12},"end":{"line":233,"column":24}},"126":{"start":{"line":237,"column":8},"end":{"line":247,"column":9}},"127":{"start":{"line":238,"column":12},"end":{"line":242,"column":13}},"128":{"start":{"line":239,"column":16},"end":{"line":241,"column":17}},"129":{"start":{"line":240,"column":20},"end":{"line":240,"column":59}},"130":{"start":{"line":243,"column":12},"end":{"line":243,"column":24}},"131":{"start":{"line":246,"column":12},"end":{"line":246,"column":24}},"132":{"start":{"line":250,"column":8},"end":{"line":260,"column":9}},"133":{"start":{"line":251,"column":12},"end":{"line":255,"column":13}},"134":{"start":{"line":252,"column":16},"end":{"line":254,"column":17}},"135":{"start":{"line":253,"column":20},"end":{"line":253,"column":45}},"136":{"start":{"line":256,"column":12},"end":{"line":256,"column":24}},"137":{"start":{"line":259,"column":12},"end":{"line":259,"column":24}},"138":{"start":{"line":263,"column":8},"end":{"line":273,"column":9}},"139":{"start":{"line":264,"column":12},"end":{"line":268,"column":13}},"140":{"start":{"line":265,"column":16},"end":{"line":267,"column":17}},"141":{"start":{"line":266,"column":20},"end":{"line":266,"column":45}},"142":{"start":{"line":269,"column":12},"end":{"line":269,"column":24}},"143":{"start":{"line":272,"column":12},"end":{"line":272,"column":24}},"144":{"start":{"line":276,"column":8},"end":{"line":290,"column":9}},"145":{"start":{"line":277,"column":12},"end":{"line":285,"column":13}},"146":{"start":{"line":278,"column":16},"end":{"line":284,"column":17}},"147":{"start":{"line":279,"column":20},"end":{"line":283,"column":21}},"148":{"start":{"line":280,"column":24},"end":{"line":282,"column":25}},"149":{"start":{"line":281,"column":28},"end":{"line":281,"column":53}},"150":{"start":{"line":286,"column":12},"end":{"line":286,"column":24}},"151":{"start":{"line":289,"column":12},"end":{"line":289,"column":24}},"152":{"start":{"line":293,"column":8},"end":{"line":337,"column":9}},"153":{"start":{"line":294,"column":27},"end":{"line":294,"column":31}},"154":{"start":{"line":295,"column":28},"end":{"line":295,"column":32}},"155":{"start":{"line":296,"column":29},"end":{"line":296,"column":33}},"156":{"start":{"line":297,"column":23},"end":{"line":297,"column":27}},"157":{"start":{"line":298,"column":26},"end":{"line":298,"column":30}},"158":{"start":{"line":299,"column":24},"end":{"line":299,"column":28}},"159":{"start":{"line":300,"column":23},"end":{"line":300,"column":27}},"160":{"start":{"line":301,"column":28},"end":{"line":301,"column":32}},"161":{"start":{"line":302,"column":23},"end":{"line":302,"column":27}},"162":{"start":{"line":303,"column":12},"end":{"line":305,"column":13}},"163":{"start":{"line":304,"column":16},"end":{"line":304,"column":23}},"164":{"start":{"line":306,"column":12},"end":{"line":328,"column":13}},"165":{"start":{"line":307,"column":16},"end":{"line":327,"column":17}},"166":{"start":{"line":308,"column":20},"end":{"line":314,"column":21}},"167":{"start":{"line":309,"column":24},"end":{"line":309,"column":64}},"168":{"start":{"line":310,"column":24},"end":{"line":310,"column":58}},"169":{"start":{"line":311,"column":24},"end":{"line":311,"column":60}},"170":{"start":{"line":312,"column":24},"end":{"line":312,"column":56}},"171":{"start":{"line":313,"column":24},"end":{"line":313,"column":60}},"172":{"start":{"line":315,"column":20},"end":{"line":317,"column":21}},"173":{"start":{"line":316,"column":24},"end":{"line":316,"column":54}},"174":{"start":{"line":318,"column":20},"end":{"line":320,"column":21}},"175":{"start":{"line":319,"column":24},"end":{"line":319,"column":62}},"176":{"start":{"line":321,"column":20},"end":{"line":323,"column":21}},"177":{"start":{"line":322,"column":24},"end":{"line":322,"column":52}},"178":{"start":{"line":324,"column":20},"end":{"line":326,"column":21}},"179":{"start":{"line":325,"column":24},"end":{"line":325,"column":52}},"180":{"start":{"line":329,"column":12},"end":{"line":329,"column":128}},"181":{"start":{"line":332,"column":12},"end":{"line":336,"column":13}},"182":{"start":{"line":333,"column":16},"end":{"line":335,"column":17}},"183":{"start":{"line":334,"column":20},"end":{"line":334,"column":69}},"184":{"start":{"line":340,"column":16},"end":{"line":340,"column":20}},"185":{"start":{"line":341,"column":8},"end":{"line":352,"column":11}},"186":{"start":{"line":342,"column":12},"end":{"line":351,"column":15}},"187":{"start":{"line":343,"column":16},"end":{"line":348,"column":17}},"188":{"start":{"line":344,"column":20},"end":{"line":344,"column":147}},"189":{"start":{"line":347,"column":20},"end":{"line":347,"column":135}},"190":{"start":{"line":350,"column":16},"end":{"line":350,"column":131}},"191":{"start":{"line":355,"column":8},"end":{"line":373,"column":11}},"192":{"start":{"line":356,"column":22},"end":{"line":356,"column":107}},"193":{"start":{"line":357,"column":12},"end":{"line":372,"column":15}},"194":{"start":{"line":358,"column":16},"end":{"line":369,"column":17}},"195":{"start":{"line":359,"column":33},"end":{"line":359,"column":37}},"196":{"start":{"line":360,"column":20},"end":{"line":362,"column":23}},"197":{"start":{"line":361,"column":24},"end":{"line":361,"column":50}},"198":{"start":{"line":363,"column":20},"end":{"line":365,"column":23}},"199":{"start":{"line":364,"column":24},"end":{"line":364,"column":40}},"200":{"start":{"line":368,"column":20},"end":{"line":368,"column":80}},"201":{"start":{"line":371,"column":16},"end":{"line":371,"column":95}},"202":{"start":{"line":376,"column":0},"end":{"line":376,"column":36}}},"fnMap":{"0":{"name":"(anonymous_0)","decl":{"start":{"line":11,"column":4},"end":{"line":11,"column":5}},"loc":{"start":{"line":11,"column":18},"end":{"line":13,"column":5}},"line":11},"1":{"name":"(anonymous_1)","decl":{"start":{"line":14,"column":4},"end":{"line":14,"column":5}},"loc":{"start":{"line":14,"column":26},"end":{"line":34,"column":5}},"line":14},"2":{"name":"(anonymous_2)","decl":{"start":{"line":18,"column":27},"end":{"line":18,"column":28}},"loc":{"start":{"line":18,"column":54},"end":{"line":33,"column":9}},"line":18},"3":{"name":"(anonymous_3)","decl":{"start":{"line":20,"column":22},"end":{"line":20,"column":23}},"loc":{"start":{"line":20,"column":43},"end":{"line":30,"column":13}},"line":20},"4":{"name":"(anonymous_4)","decl":{"start":{"line":21,"column":63},"end":{"line":21,"column":64}},"loc":{"start":{"line":21,"column":84},"end":{"line":27,"column":17}},"line":21},"5":{"name":"(anonymous_5)","decl":{"start":{"line":22,"column":52},"end":{"line":22,"column":53}},"loc":{"start":{"line":22,"column":73},"end":{"line":24,"column":21}},"line":22},"6":{"name":"(anonymous_6)","decl":{"start":{"line":24,"column":29},"end":{"line":24,"column":30}},"loc":{"start":{"line":24,"column":42},"end":{"line":26,"column":21}},"line":24},"7":{"name":"(anonymous_7)","decl":{"start":{"line":27,"column":25},"end":{"line":27,"column":26}},"loc":{"start":{"line":27,"column":38},"end":{"line":29,"column":17}},"line":27},"8":{"name":"(anonymous_8)","decl":{"start":{"line":30,"column":21},"end":{"line":30,"column":22}},"loc":{"start":{"line":30,"column":34},"end":{"line":32,"column":13}},"line":30},"9":{"name":"(anonymous_9)","decl":{"start":{"line":35,"column":4},"end":{"line":35,"column":5}},"loc":{"start":{"line":35,"column":28},"end":{"line":58,"column":5}},"line":35},"10":{"name":"(anonymous_10)","decl":{"start":{"line":37,"column":27},"end":{"line":37,"column":28}},"loc":{"start":{"line":37,"column":54},"end":{"line":57,"column":9}},"line":37},"11":{"name":"(anonymous_11)","decl":{"start":{"line":41,"column":64},"end":{"line":41,"column":65}},"loc":{"start":{"line":41,"column":85},"end":{"line":54,"column":13}},"line":41},"12":{"name":"(anonymous_12)","decl":{"start":{"line":54,"column":21},"end":{"line":54,"column":22}},"loc":{"start":{"line":54,"column":34},"end":{"line":56,"column":13}},"line":54},"13":{"name":"(anonymous_13)","decl":{"start":{"line":59,"column":4},"end":{"line":59,"column":5}},"loc":{"start":{"line":59,"column":30},"end":{"line":71,"column":5}},"line":59},"14":{"name":"(anonymous_14)","decl":{"start":{"line":72,"column":4},"end":{"line":72,"column":5}},"loc":{"start":{"line":72,"column":24},"end":{"line":88,"column":5}},"line":72},"15":{"name":"(anonymous_15)","decl":{"start":{"line":89,"column":4},"end":{"line":89,"column":5}},"loc":{"start":{"line":89,"column":25},"end":{"line":101,"column":5}},"line":89},"16":{"name":"(anonymous_16)","decl":{"start":{"line":102,"column":4},"end":{"line":102,"column":5}},"loc":{"start":{"line":102,"column":23},"end":{"line":114,"column":5}},"line":102},"17":{"name":"(anonymous_17)","decl":{"start":{"line":115,"column":4},"end":{"line":115,"column":5}},"loc":{"start":{"line":115,"column":20},"end":{"line":131,"column":5}},"line":115},"18":{"name":"(anonymous_18)","decl":{"start":{"line":132,"column":4},"end":{"line":132,"column":5}},"loc":{"start":{"line":132,"column":49},"end":{"line":166,"column":5}},"line":132},"19":{"name":"(anonymous_19)","decl":{"start":{"line":167,"column":4},"end":{"line":167,"column":5}},"loc":{"start":{"line":167,"column":49},"end":{"line":185,"column":5}},"line":167},"20":{"name":"(anonymous_20)","decl":{"start":{"line":170,"column":27},"end":{"line":170,"column":28}},"loc":{"start":{"line":170,"column":54},"end":{"line":184,"column":9}},"line":170},"21":{"name":"(anonymous_21)","decl":{"start":{"line":172,"column":22},"end":{"line":172,"column":23}},"loc":{"start":{"line":172,"column":43},"end":{"line":181,"column":13}},"line":172},"22":{"name":"(anonymous_22)","decl":{"start":{"line":176,"column":50},"end":{"line":176,"column":51}},"loc":{"start":{"line":176,"column":71},"end":{"line":178,"column":17}},"line":176},"23":{"name":"(anonymous_23)","decl":{"start":{"line":178,"column":25},"end":{"line":178,"column":26}},"loc":{"start":{"line":178,"column":37},"end":{"line":180,"column":17}},"line":178},"24":{"name":"(anonymous_24)","decl":{"start":{"line":181,"column":21},"end":{"line":181,"column":22}},"loc":{"start":{"line":181,"column":33},"end":{"line":183,"column":13}},"line":181},"25":{"name":"(anonymous_25)","decl":{"start":{"line":186,"column":4},"end":{"line":186,"column":5}},"loc":{"start":{"line":186,"column":47},"end":{"line":199,"column":5}},"line":186},"26":{"name":"(anonymous_26)","decl":{"start":{"line":188,"column":27},"end":{"line":188,"column":28}},"loc":{"start":{"line":188,"column":54},"end":{"line":198,"column":9}},"line":188},"27":{"name":"(anonymous_27)","decl":{"start":{"line":190,"column":22},"end":{"line":190,"column":23}},"loc":{"start":{"line":190,"column":42},"end":{"line":195,"column":13}},"line":190},"28":{"name":"(anonymous_28)","decl":{"start":{"line":191,"column":54},"end":{"line":191,"column":55}},"loc":{"start":{"line":191,"column":71},"end":{"line":194,"column":17}},"line":191},"29":{"name":"(anonymous_29)","decl":{"start":{"line":195,"column":21},"end":{"line":195,"column":22}},"loc":{"start":{"line":195,"column":33},"end":{"line":197,"column":13}},"line":195},"30":{"name":"(anonymous_30)","decl":{"start":{"line":200,"column":4},"end":{"line":200,"column":5}},"loc":{"start":{"line":200,"column":35},"end":{"line":218,"column":5}},"line":200},"31":{"name":"(anonymous_31)","decl":{"start":{"line":202,"column":27},"end":{"line":202,"column":28}},"loc":{"start":{"line":202,"column":54},"end":{"line":217,"column":9}},"line":202},"32":{"name":"(anonymous_32)","decl":{"start":{"line":206,"column":44},"end":{"line":206,"column":45}},"loc":{"start":{"line":206,"column":61},"end":{"line":214,"column":13}},"line":206},"33":{"name":"(anonymous_33)","decl":{"start":{"line":214,"column":21},"end":{"line":214,"column":22}},"loc":{"start":{"line":214,"column":33},"end":{"line":216,"column":13}},"line":214},"34":{"name":"(anonymous_34)","decl":{"start":{"line":219,"column":4},"end":{"line":219,"column":5}},"loc":{"start":{"line":219,"column":26},"end":{"line":235,"column":5}},"line":219},"35":{"name":"(anonymous_35)","decl":{"start":{"line":236,"column":4},"end":{"line":236,"column":5}},"loc":{"start":{"line":236,"column":21},"end":{"line":248,"column":5}},"line":236},"36":{"name":"(anonymous_36)","decl":{"start":{"line":249,"column":4},"end":{"line":249,"column":5}},"loc":{"start":{"line":249,"column":25},"end":{"line":261,"column":5}},"line":249},"37":{"name":"(anonymous_37)","decl":{"start":{"line":262,"column":4},"end":{"line":262,"column":5}},"loc":{"start":{"line":262,"column":20},"end":{"line":274,"column":5}},"line":262},"38":{"name":"(anonymous_38)","decl":{"start":{"line":275,"column":4},"end":{"line":275,"column":5}},"loc":{"start":{"line":275,"column":20},"end":{"line":291,"column":5}},"line":275},"39":{"name":
[...]
lumn":9}},"type":"if","locations":[{"start":{"line":60,"column":8},"end":{"line":70,"column":9}},{"start":{"line":60,"column":8},"end":{"line":70,"column":9}}],"line":60},"3":{"loc":{"start":{"line":62,"column":16},"end":{"line":64,"column":17}},"type":"if","locations":[{"start":{"line":62,"column":16},"end":{"line":64,"column":17}},{"start":{"line":62,"column":16},"end":{"line":64,"column":17}}],"line":62},"4":{"loc":{"start":{"line":73,"column":8},"end":{"line":87,"column":9}},"type":"if","locations":[{"start":{"line":73,"column":8},"end":{"line":87,"column":9}},{"start":{"line":73,"column":8},"end":{"line":87,"column":9}}],"line":73},"5":{"loc":{"start":{"line":75,"column":16},"end":{"line":81,"column":17}},"type":"if","locations":[{"start":{"line":75,"column":16},"end":{"line":81,"column":17}},{"start":{"line":75,"column":16},"end":{"line":81,"column":17}}],"line":75},"6":{"loc":{"start":{"line":77,"column":24},"end":{"line":79,"column":25}},"type":"if","locations":[{"start":{"line":77,"column":24},"end":{"line":79,"column":25}},{"start":{"line":77,"column":24},"end":{"line":79,"column":25}}],"line":77},"7":{"loc":{"start":{"line":90,"column":8},"end":{"line":100,"column":9}},"type":"if","locations":[{"start":{"line":90,"column":8},"end":{"line":100,"column":9}},{"start":{"line":90,"column":8},"end":{"line":100,"column":9}}],"line":90},"8":{"loc":{"start":{"line":92,"column":16},"end":{"line":94,"column":17}},"type":"if","locations":[{"start":{"line":92,"column":16},"end":{"line":94,"column":17}},{"start":{"line":92,"column":16},"end":{"line":94,"column":17}}],"line":92},"9":{"loc":{"start":{"line":103,"column":8},"end":{"line":113,"column":9}},"type":"if","locations":[{"start":{"line":103,"column":8},"end":{"line":113,"column":9}},{"start":{"line":103,"column":8},"end":{"line":113,"column":9}}],"line":103},"10":{"loc":{"start":{"line":105,"column":16},"end":{"line":107,"column":17}},"type":"if","locations":[{"start":{"line":105,"column":16},"end":{"line":107,"column":17}},{"start":{"line":105,"column":16},"end":{"line":107,"column":17}}],"line":105},"11":{"loc":{"start":{"line":116,"column":8},"end":{"line":130,"column":9}},"type":"if","locations":[{"start":{"line":116,"column":8},"end":{"line":130,"column":9}},{"start":{"line":116,"column":8},"end":{"line":130,"column":9}}],"line":116},"12":{"loc":{"start":{"line":118,"column":16},"end":{"line":124,"column":17}},"type":"if","locations":[{"start":{"line":118,"column":16},"end":{"line":124,"column":17}},{"start":{"line":118,"column":16},"end":{"line":124,"column":17}}],"line":118},"13":{"loc":{"start":{"line":120,"column":24},"end":{"line":122,"column":25}},"type":"if","locations":[{"start":{"line":120,"column":24},"end":{"line":122,"column":25}},{"start":{"line":120,"column":24},"end":{"line":122,"column":25}}],"line":120},"14":{"loc":{"start":{"line":133,"column":8},"end":{"line":165,"column":9}},"type":"if","locations":[{"start":{"line":133,"column":8},"end":{"line":165,"column":9}},{"start":{"line":133,"column":8},"end":{"line":165,"column":9}}],"line":133},"15":{"loc":{"start":{"line":133,"column":12},"end":{"line":133,"column":82}},"type":"binary-expr","locations":[{"start":{"line":133,"column":12},"end":{"line":133,"column":38}},{"start":{"line":133,"column":42},"end":{"line":133,"column":82}}],"line":133},"16":{"loc":{"start":{"line":138,"column":12},"end":{"line":140,"column":13}},"type":"if","locations":[{"start":{"line":138,"column":12},"end":{"line":140,"column":13}},{"start":{"line":138,"column":12},"end":{"line":140,"column":13}}],"line":138},"17":{"loc":{"start":{"line":138,"column":16},"end":{"line":138,"column":81}},"type":"binary-expr","locations":[{"start":{"line":138,"column":16},"end":{"line":138,"column":49}},{"start":{"line":138,"column":53},"end":{"line":138,"column":81}}],"line":138},"18":{"loc":{"start":{"line":142,"column":16},"end":{"line":153,"column":17}},"type":"if","locations":[{"start":{"line":142,"column":16},"end":{"line":153,"column":17}},{"start":{"line":142,"column":16},"end":{"line":153,"column":17}}],"line":142},"19":{"loc":{"start":{"line":143,"column":20},"end":{"line":146,"column":21}},"type":"if","locations":[{"start":{"line":143,"column":20},"end":{"line":146,"column":21}},{"start":{"line":143,"column":20},"end":{"line":146,"column":21}}],"line":143},"20":{"loc":{"start":{"line":147,"column":20},"end":{"line":149,"column":21}},"type":"if","locations":[{"start":{"line":147,"column":20},"end":{"line":149,"column":21}},{"start":{"line":147,"column":20},"end":{"line":149,"column":21}}],"line":147},"21":{"loc":{"start":{"line":150,"column":20},"end":{"line":152,"column":21}},"type":"if","locations":[{"start":{"line":150,"column":20},"end":{"line":152,"column":21}},{"start":{"line":150,"column":20},"end":{"line":152,"column":21}}],"line":150},"22":{"loc":{"start":{"line":155,"column":12},"end":{"line":157,"column":13}},"type":"if","locations":[{"start":{"line":155,"column":12},"end":{"line":157,"column":13}},{"start":{"line":155,"column":12},"end":{"line":157,"column":13}}],"line":155},"23":{"loc":{"start":{"line":155,"column":16},"end":{"line":155,"column":91}},"type":"binary-expr","locations":[{"start":{"line":155,"column":16},"end":{"line":155,"column":33}},{"start":{"line":155,"column":37},"end":{"line":155,"column":54}},{"start":{"line":155,"column":58},"end":{"line":155,"column":74}},{"start":{"line":155,"column":78},"end":{"line":155,"column":91}}],"line":155},"24":{"loc":{"start":{"line":160,"column":12},"end":{"line":164,"column":13}},"type":"if","locations":[{"start":{"line":160,"column":12},"end":{"line":164,"column":13}},{"start":{"line":160,"column":12},"end":{"line":164,"column":13}}],"line":160},"25":{"loc":{"start":{"line":209,"column":20},"end":{"line":211,"column":21}},"type":"if","locations":[{"start":{"line":209,"column":20},"end":{"line":211,"column":21}},{"start":{"line":209,"column":20},"end":{"line":211,"column":21}}],"line":209},"26":{"loc":{"start":{"line":220,"column":8},"end":{"line":234,"column":9}},"type":"if","locations":[{"start":{"line":220,"column":8},"end":{"line":234,"column":9}},{"start":{"line":220,"column":8},"end":{"line":234,"column":9}}],"line":220},"27":{"loc":{"start":{"line":222,"column":16},"end":{"line":228,"column":17}},"type":"if","locations":[{"start":{"line":222,"column":16},"end":{"line":228,"column":17}},{"start":{"line":222,"column":16},"end":{"line":228,"column":17}}],"line":222},"28":{"loc":{"start":{"line":224,"column":24},"end":{"line":226,"column":25}},"type":"if","locations":[{"start":{"line":224,"column":24},"end":{"line":226,"column":25}},{"start":{"line":224,"column":24},"end":{"line":226,"column":25}}],"line":224},"29":{"loc":{"start":{"line":237,"column":8},"end":{"line":247,"column":9}},"type":"if","locations":[{"start":{"line":237,"column":8},"end":{"line":247,"column":9}},{"start":{"line":237,"column":8},"end":{"line":247,"column":9}}],"line":237},"30":{"loc":{"start":{"line":239,"column":16},"end":{"line":241,"column":17}},"type":"if","locations":[{"start":{"line":239,"column":16},"end":{"line":241,"column":17}},{"start":{"line":239,"column":16},"end":{"line":241,"column":17}}],"line":239},"31":{"loc":{"start":{"line":250,"column":8},"end":{"line":260,"column":9}},"type":"if","locations":[{"start":{"line":250,"column":8},"end":{"line":260,"column":9}},{"start":{"line":250,"column":8},"end":{"line":260,"column":9}}],"line":250},"32":{"loc":{"start":{"line":252,"column":16},"end":{"line":254,"column":17}},"type":"if","locations":[{"start":{"line":252,"column":16},"end":{"line":254,"column":17}},{"start":{"line":252,"column":16},"end":{"line":254,"column":17}}],"line":252},"33":{"loc":{"start":{"line":263,"column":8},"end":{"line":273,"column":9}},"type":"if","locations":[{"start":{"line":263,"column":8},"end":{"line":273,"column":9}},{"start":{"line":263,"column":8},"end":{"line":273,"column":9}}],"line":263},"34":{"loc":{"start":{"line":265,"column":16},"end":{"line":267,"column":17}},"type":"if","locations":[{"start":{"line":265,"column":16},"end":{"line":267,"column":17}},{"start":{"line":265,"column":16},"end":{"line":267,"column":17}}],"line":265},"35":{"loc":{"start":{"line":276,"column":8},"end":{"line":290,"column":9}},"type":"if","locations":[{"start":{"line":276,"column":8},"end":{"line":290,"column":9}},{"start":{"line":276,"column":8},"end":{"line":290,"column":9}}],"line":276},"36":{"loc":{"start":{"line":278,"column":16},"end":{"line":284,"column":17}},"type":"if","locations":[{"start":{"line":278,"column":16},"end":{"line":284,"column":17}},{"start":{"line":278,"column":16},"end":{"line":284,"column":17}}],"line":278},"37":{"loc":{"start":{"line":280,"column":24},"end":{"line":282,"column":25}},"type":"if","locations":[{"start":{"line":280,"column":24},"end":{"line":282,"column":25}},{"start":{"line":280,"column":24},"end":{"line":282,"column":25}}],"line":280},"38":{"loc":{"start":{"line":293,"column":8},"end":{"line":337,"column":9}},"type":"if","locations":[{"start":{"line":293,"column":8},"end":{"line":337,"column":9}},{"start":{"line":293,"column":8},"end":{"line":337,"column":9}}],"line":293},"39":{"loc":{"start":{"line":293,"column":12},"end":{"line":293,"column":82}},"type":"binary-expr","locations":[{"start":{"line":293,"column":12},"end":{"line":293,"column":38}},{"start":{"line":293,"column":42},"end":{"line":293,"column":82}}],"line":293},"40":{"loc":{"start":{"line":303,"column":12},"end":{"line":305,"column":13}},"type":"if","locations":[{"start":{"line":303,"column":12},"end":{"line":305,"column":13}},{"start":{"line":303,"column":12},"end":{"line":305,"column":13}}],"line":303},"41":{"loc":{"start":{"line":303,"column":16},"end":{"line":303,"column":81}},"type":"binary-expr","locations":[{"start":{"line":303,"column":16},"end":{"line":303,"column":49}},{"start":{"line":303,"column":53},"end":{"line":303,"column":81}}],"line":303},"42":{"loc":{"start":{"line":307,"column":16},"end":{"line":327,"column":17}},"type":"if","locations":[{"start":{"line":307,"column":16},"end":{"line":327,"column":17}},{"start":{"line":307,"column":16},"end":{"line":327,"column":17}}],"line":307},"43":{"loc":{"start":{"line":308,"column":20},"end":{"line":314,"column":21}},"type":"if","locations":[{"start":{"line":308,"column":20},"end":{"line":314,"column":21}},{"start":{"line":308,"column":20},"end":{"line":314,"column":21}}],"line":308},"44":{"loc":{"start":{"line":315,"column":20},"end":{"line":317,"column":21}},"type":"if","locations":[{"start":{"line":315,"column":20},"end":{"line":317,"column":21}},{"start":{"line":315,"column":20},"end":{"line":317,"column":21}}],"line":315},"45":{"loc":{"start":{"line":318,"column":20},"end":{"line":320,"column":21}},"type":"if","locations":[{"start":{"line":318,"column":20},"end":{"line":320,"column":21}},{"start":{"line":318,"column":20},"end":{"line":320,"column":21}}],"line":318},"46":{"loc":{"start":{"line":321,"column":20},"end":{"line":323,"column":21}},"type":"if","locations":[{"start":{"line":321,"column":20},"end":{"line":323,"column":21}},{"start":{"line":321,"column":20},"end":{"line":323,"column":21}}],"line":321},"47":{"loc":{"start":{"line":324,"column":20},"end":{"line":326,"column":21}},"type":"if","locations":[{"start":{"line":324,"column":20},"end":{"line":326,"column":21}},{"start":{"line":324,"column":20},"end":{"line":326,"column":21}}],"line":324},"48":{"loc":{"start":{"line":332,"column":12},"end":{"line":336,"column":13}},"type":"if","locations":[{"start":{"line":332,"column":12},"end":{"line":336,"column":13}},{"start":{"line":332,"column":12},"end":{"line":336,"column":13}}],"line":332},"49":{"loc":{"start":{"line":343,"column":16},"end":{"line":348,"column":17}},"type":"if","locations":[{"start":{"line":343,"column":16},"end":{"line":348,"column":17}},{"start":{"line":343,"column":16},"end":{"line":348,"column":17}}],"line":343},"50":{"loc":{"start":{"line":343,"column":20},"end":{"line":343,"column":52}},"type":"binary-expr","locations":[{"start":{"line":343,"column":20},"end":{"line":343,"column":35}},{"start":{"line":343,"column":39},"end":{"line":343,"column":52}}],"line":343},"51":{"loc":{"start":{"line":358,"column":16},"end":{"line":369,"column":17}},"type":"if","locations":[{"start":{"line":358,"column":16},"end":{"line":369,"column":17}},{"start":{"line":358,"column":16},"end":{"line":369,"column":17}}],"line":358}},"s":{"0":1,"1":1,"2":1,"3":1,"4":1,"5":1,"6":1,"7":1,"8":1,"9":1,"10":1,"11":1,"12":1,"13":1,"14":1,"15":1,"16":1,"17":0,"18":0,"19":0,"20":1,"21":1,"22":1,"23":1,"24":1,"25":1,"26":1,"27":1,"28":74,"29":44,"30":1,"31":1,"32":0,"33":0,"34":10210,"35":10210,"36":10210,"37":10210,"38":0,"39":0,"40":74,"41":74,"42":148,"43":74,"44":74,"45":74,"46":0,"47":0,"48":74,"49":74,"50":74,"51":74,"52":0,"53":0,"54":74,"55":74,"56":74,"57":74,"58":0,"59":0,"60":74,"61":74,"62":148,"63":74,"64":74,"65":74,"66":0,"67":0,"68":1933,"69":74,"70":74,"71":74,"72":74,"73":74,"74":0,"75":74,"76":814,"77":370,"78":74,"79":74,"80":370,"81":74,"82":370,"83":74,"84":74,"85":74,"86":1859,"87":919,"88":1932,"89":1,"90":1,"91":1,"92":1,"93":1,"94":74,"95":1,"96":1,"97":0,"98":0,"99":74,"100":74,"101":74,"102":74,"103":74,"104":74,"105":0,"106":74,"107":74,"108":74,"109":74,"110":74,"111":74,"112":74,"113":74,"114":364,"115":364,"116":74,"117":0,"118":364,"119":364,"120":728,"121":364,"122":364,"123":364,"124":0,"125":0,"126":364,"127":364,"128":364,"129":364,"130":0,"131":0,"132":364,"133":364,"134":364,"135":364,"136":0,"137":0,"138":364,"139":364,"140":364,"141":364,"142":0,"143":0,"144":364,"145":364,"146":728,"147":364,"148":364,"149":364,"150":0,"151":0,"152":131162,"153":364,"154":364,"155":364,"156":364,"157":364,"158":364,"159":364,"160":364,"161":364,"162":364,"163":0,"164":364,"165":4004,"166":1820,"167":364,"168":364,"169":364,"170":364,"171":364,"172":1820,"173":364,"174":1820,"175":364,"176":1820,"177":364,"178":1820,"179":364,"180":364,"181":130798,"182":67507,"183":131088,"184":364,"185":364,"186":364,"187":364,"188":364,"189":0,"190":0,"191":364,"192":364,"193":364,"194":364,"195":364,"196":364,"197":364,"198":364,"199":364,"200":0,"201":0,"202":1},"f":{"0":1,"1":1,"2":1,"3":1,"4":1,"5":1,"6":0,"7":0,"8":0,"9":1,"10":1,"11":1,"12":0,"13":10210,"14":74,"15":74,"16":74,"17":74,"18":1933,"19":1,"20":1,"21":1,"22":1,"23":0,"24":0,"25":74,"26":74,"27":74,"28":74,"29":0,"30":74,"31":74,"32":74,"33":0,"34":364,"35":364,"36":364,"37":364,"38":364,"39":131162,"40":364,"41":364,"42":364,"43":0,"44":364,"45":364,"46":364,"47":364,"48":364,"49":0},"b":{"0":[44,30],"1":[1,0],"2":[10210,0],"3":[10210,0],"4":[74,0],"5":[74,74],"6":[74,0],"7":[74,0],"8":[74,0],"9":[74,0],"10":[74,0],"11":[74,0],"12":[74,74],"13":[74,0],"14":[74,1859],"15":[1933,75],"16":[0,74],"17":[74,74],"18":[370,444],"19":[74,296],"20":[74,296],"21":[74,296],"22":[74,0],"23":[74,74,74,74],"24":[919,940],"25":[364,0],"26":[364,0],"27":[364,364],"28":[364,0],"29":[364,0],"30":[364,0],"31":[364,0],"32":[364,0],"33":[364,0],"34":[364,0],"35":[364,0],"36":[364,364],"37":[364,0],"38":[364,130798],"39":[131162,408],"40":[0,364],"41":[364,364],"42":[1820,2184],"43":[364,1456],"44":[364,1456],"45":[364,1456],"46":[364,1456],"47":[364,1456],"48":[67507,63291],"49":[364,0],"50":[364,364],"51":[364,0]},"_coverageSchema":"332fd63041d2c1bcb487cc26dd0d5f7d97098a6c","hash":"0b1124cd953e675278e3a6a9b166693e9fa9b13c","contentHash":"6f4125d3e10cf2b0e84c588ad2d7b06e_11.3.0"},"/Users/zzhong/Documents/courses/CPSC310/project_n3v0b_z9y0b/src/controller/Building.js":{"path":"/Users/zzhong/Documents/courses/CPSC310/project_n3v0b_z9y0b/src/controller/Building.js","statementMap":{"0":{"start":{"line":2,"column":0},"end":{"line":2,"column":62}},"1":{"start":{"line":3,"column":25},"end":{"line":3,"column":52}},"2":{"start":{"line":6,"column":8},"end":{"line":6,"column":33}},"3":{"start":{"line":7,"column":8},"end":{"line":7,"column":35}},"4":{"start":{"line":8,"column":8},"end":{"line":8,"column":31}},"5":{"start":{"line":9,"column":8},"end":{"line":9,"column":25}},"6":{"start":{"line":10,"column":8},"end":{"line":10,"column":24}},"7":{"start":{"line":13,"column":8},"end":{"line":13,"column":27}},"8":{"start":{"line":16,"column":8},"end":{"line":16,"column":29}},"9":{"start":{"line":19,"column":8},"end":{"line":19,"column":30}},"10":{"start":{"line":22,"column":8},"end":{"line":22,"column":28}},"11":{"start":{"line":25,"column":8},"end":{"line":25,"column":25}},"12":{"start":{"line":28,"column":8},"end":{"line":28,"column":57}},"13":{"start":{"line":31,"column":8},"end":{"line":31,"column":33}},"14":{"start":{"line":34,"column":0},"end":{"line":34,"column":28}}},"fnMap":{"0":{"name":"(anonymous_0)","decl":{"start":{"line":5,"column":4},"end":{"line":5,"column":5}},"loc":{"start":{"line":5,"column":52},"end":{"line":11,"column":5}},"line":5},"1":{"name":"(anonymous_1)","decl":{"start":{"line":12,"column":4},"end":{"line":12,"column":5}},"loc":{"start":{"line":12,"column":20},"end":{"line":14,"column":5}},"line":12},"2":{"name":"(anonymous_2)","decl":{"start":{"line":15,"column":4},"end":{"line":15,"column":5}},"loc":{"start":{"line":15,"column":18},"end":{"line":17,"column":5}},"line":15},"3":{"name":"(anonymous_3)","decl":{"start":{"line":18,"column":4},"end":{"line":18,"column":5}},"loc":{"start":{"line":18,"column":19},"end":{"line":20,"column":5}},"line":18},"4":{"name":"(anonymous_4)","decl":{"start":{"line":21,"column":4},"end":{"line":21,"column":5}},"loc":{"start":{"line":21,"column":17},"end":{"line":23,"column":5}},"line":21},"5":{"name":"(anonymous_5)","decl":{"start":{"line":24,"column":4},"end":{"line":24,"column":5}},"loc":{"start":{"line":24,"column":14},"end":{"line":26,"column":5}},"line":24},"6":{"name":"(anonymous_6)","decl":{"start":{"line":27,"column":4},"end":{"line":27,"column":5}},"loc":{"start":{"line":27,"column":14},"end":{"line":29,"column":5}},"line":27},"7":{"name":"(anonymous_7)","decl":{"start":{"line":30,"column":4},"end":{"line":30,"column":5}},"loc":{"start":{"line":30,"column":20},"end":{"line":32,"column":5}},"line":30}},"branchMap":{},"s":{"0":1,"1":1,"2":74,"3":74,"4":74,"5":74,"6":74,"7":74,"8":364,"9":364,"10":364,"11":74,"12":1,"13":148,"14":1},"f":{"0":74,"1":74,"2":364,"3":364,"4":364,"5":74,"6":1,"7":148},"b":{},"_coverageSchema":"332fd63041d2c1bcb487cc26dd0d5f7d97098a6c","hash":"2381b35c02c3ab106a05861df58e1eef170c1398","contentHash":"f7a86a6c005e5ac5270b4f51a97dae8c_11.3.0"},"/Users/zzhong/Documents/courses/CPSC310/project_n3v0b_z9y0b/src/controller/Room.js":{"path":"/Users/zzhong/Documents/courses/CPSC310/project_n3v0b_z9y0b/src/controller/Room.js","statementMap":{"0":{"start":{"line":2,"column":0},"end":{"line":2,"column":62}},"1":{"start":{"line":5,"column":8},"end":{"line":5,"column":33}},"2":{"start":{"line":6,"column":8},"end":{"line":6,"column":35}},"3":{"start":{"line":7,"column":8},"end":{"line":7,"column":33}},"4":{"start":{"line":8,"column":8},"end":{"line":8,"column":25}},"5":{"start":{"line":9,"column":8},"end":{"line":9,"column":31}},"6":{"start":{"line":10,"column":8},"end":{"line":10,"column":23}},"7":{"start":{"line":11,"column":8},"end":{"line":11,"column":23}},"8":{"start":{"line":12,"column":8},"end":{"line":12,"column":27}},"9":{"start":{"line":13,"column":8},"end":{"line":13,"column":25}},"10":{"start":{"line":14,"column":8},"end":{"line":14,"column":35}},"11":{"start":{"line":15,"column":8},"end":{"line":15,"column":25}},"12":{"start":{"line":18,"column":0},"end":{"line":18,"column":20}}},"fnMap":{"0":{"name":"(anonymous_0)","decl":{"start":{"line":4,"column":4},"end":{"line":4,"column":5}},"loc":{"start":{"line":4,"column":104},"end":{"line":16,"column":5}},"line":4}},"branchMap":{},"s":{"0":1,"1":364,"2":364,"3":364,"4":364,"5":364,"6":364,"7":364,"8":364,"9":364,"10":364,"11":364,"12":1},"f":{"0":364},"b":{},"_coverageSchema":"332fd63041d2c1bcb487cc26dd0d5f7d97098a6c","hash":"91ba346cc679fb7c5f175eac5bb86aef64463c5e","contentHash":"f8bfc10f2f793394ae6acd53773849f2_11.3.0"}}